# JRE version: OpenJDK Runtime Environment (11.0.15) (build 11.0.15+0-b2043.56-9505619)
# Java VM: OpenJDK 64-Bit Server VM (11.0.15+0-b2043.56-9505619, mixed mode, tiered, compressed oops, g1 gc, windows-amd64)
Heap:
 garbage-first heap   total 508928K, used 192900K [0x0000000080000000, 0x0000000100000000)
  region size 1024K, 10 young (10240K), 10 survivors (10240K)
 Metaspace       used 99317K, capacity 101839K, committed 102012K, reserved 1138688K
  class space    used 12364K, capacity 13307K, committed 13312K, reserved 1048576K
GC Heap History (20 events):
Event: 1217.310 GC heap after
{Heap after GC invocations=216 (full 0):
 garbage-first heap   total 306176K, used 126132K [0x0000000080000000, 0x0000000100000000)
  region size 1024K, 2 young (2048K), 2 survivors (2048K)
 Metaspace       used 70530K, capacity 72526K, committed 72880K, reserved 1112064K
  class space    used 8591K, capacity 9352K, committed 9472K, reserved 1048576K
}
Event: 1219.142 GC heap before
{Heap before GC invocations=216 (full 0):
 garbage-first heap   total 306176K, used 268468K [0x0000000080000000, 0x0000000100000000)
  region size 1024K, 141 young (144384K), 2 survivors (2048K)
 Metaspace       used 70530K, capacity 72526K, committed 72880K, reserved 1112064K
  class space    used 8591K, capacity 9352K, committed 9472K, reserved 1048576K
}
Event: 1219.148 GC heap after
{Heap after GC invocations=217 (full 0):
 garbage-first heap   total 306176K, used 127801K [0x0000000080000000, 0x0000000100000000)
  region size 1024K, 4 young (4096K), 4 survivors (4096K)
 Metaspace       used 70530K, capacity 72526K, committed 72880K, reserved 1112064K
  class space    used 8591K, capacity 9352K, committed 9472K, reserved 1048576K
}
Event: 1220.837 GC heap before
{Heap before GC invocations=217 (full 0):
 garbage-first heap   total 306176K, used 269113K [0x0000000080000000, 0x0000000100000000)
  region size 1024K, 142 young (145408K), 4 survivors (4096K)
 Metaspace       used 70530K, capacity 72526K, committed 72880K, reserved 1112064K
  class space    used 8591K, capacity 9352K, committed 9472K, reserved 1048576K
}
Event: 1220.846 GC heap after
{Heap after GC invocations=218 (full 0):
 garbage-first heap   total 306176K, used 129810K [0x0000000080000000, 0x0000000100000000)
  region size 1024K, 6 young (6144K), 6 survivors (6144K)
 Metaspace       used 70530K, capacity 72526K, committed 72880K, reserved 1112064K
  class space    used 8591K, capacity 9352K, committed 9472K, reserved 1048576K
}
Event: 1222.417 GC heap before
{Heap before GC invocations=218 (full 0):
 garbage-first heap   total 306176K, used 267026K [0x0000000080000000, 0x0000000100000000)
  region size 1024K, 141 young (144384K), 6 survivors (6144K)
 Metaspace       used 70530K, capacity 72526K, committed 72880K, reserved 1112064K
  class space    used 8591K, capacity 9352K, committed 9472K, reserved 1048576K
}
Event: 1222.420 GC heap after
{Heap after GC invocations=219 (full 0):
 garbage-first heap   total 306176K, used 122302K [0x0000000080000000, 0x0000000100000000)
  region size 1024K, 1 young (1024K), 1 survivors (1024K)
 Metaspace       used 70530K, capacity 72526K, committed 72880K, reserved 1112064K
  class space    used 8591K, capacity 9352K, committed 9472K, reserved 1048576K
}
Event: 1224.803 GC heap before
{Heap before GC invocations=219 (full 0):
 garbage-first heap   total 306176K, used 273854K [0x0000000080000000, 0x0000000100000000)
  region size 1024K, 143 young (146432K), 1 survivors (1024K)
 Metaspace       used 70538K, capacity 72526K, committed 72880K, reserved 1112064K
  class space    used 8591K, capacity 9352K, committed 9472K, reserved 1048576K
}
Event: 1224.812 GC heap after
{Heap after GC invocations=220 (full 0):
 garbage-first heap   total 306176K, used 134215K [0x0000000080000000, 0x0000000100000000)
  region size 1024K, 7 young (7168K), 7 survivors (7168K)
 Metaspace       used 70538K, capacity 72526K, committed 72880K, reserved 1112064K
  class space    used 8591K, capacity 9352K, committed 9472K, reserved 1048576K
}
Event: 1234.502 GC heap before
{Heap before GC invocations=220 (full 0):
 garbage-first heap   total 306176K, used 273479K [0x0000000080000000, 0x0000000100000000)
  region size 1024K, 136 young (139264K), 7 survivors (7168K)
 Metaspace       used 82719K, capacity 85076K, committed 85168K, reserved 1124352K
  class space    used 10113K, capacity 11003K, committed 11008K, reserved 1048576K
}
Event: 1234.796 GC heap after
{Heap after GC invocations=221 (full 0):
 garbage-first heap   total 306176K, used 142466K [0x0000000080000000, 0x0000000100000000)
  region size 1024K, 15 young (15360K), 15 survivors (15360K)
 Metaspace       used 82719K, capacity 85076K, committed 85168K, reserved 1124352K
  class space    used 10113K, capacity 11003K, committed 11008K, reserved 1048576K
}
Event: 1238.743 GC heap before
{Heap before GC invocations=221 (full 0):
 garbage-first heap   total 306176K, used 177282K [0x0000000080000000, 0x0000000100000000)
  region size 1024K, 49 young (50176K), 15 survivors (15360K)
 Metaspace       used 85159K, capacity 87430K, committed 87548K, reserved 1126400K
  class space    used 10423K, capacity 11310K, committed 11392K, reserved 1048576K
}
Event: 1239.164 GC heap after
{Heap after GC invocations=222 (full 0):
 garbage-first heap   total 306176K, used 143932K [0x0000000080000000, 0x0000000100000000)
  region size 1024K, 10 young (10240K), 10 survivors (10240K)
 Metaspace       used 85159K, capacity 87430K, committed 87548K, reserved 1126400K
  class space    used 10423K, capacity 11310K, committed 11392K, reserved 1048576K
}
Event: 1246.559 GC heap before
{Heap before GC invocations=223 (full 0):
 garbage-first heap   total 306176K, used 182844K [0x0000000080000000, 0x0000000100000000)
  region size 1024K, 56 young (57344K), 10 survivors (10240K)
 Metaspace       used 87750K, capacity 89971K, committed 90236K, reserved 1128448K
  class space    used 10760K, capacity 11663K, committed 11776K, reserved 1048576K
}
Event: 1246.699 GC heap after
{Heap after GC invocations=224 (full 0):
 garbage-first heap   total 306176K, used 138425K [0x0000000080000000, 0x0000000100000000)
  region size 1024K, 5 young (5120K), 5 survivors (5120K)
 Metaspace       used 87750K, capacity 89971K, committed 90236K, reserved 1128448K
  class space    used 10760K, capacity 11663K, committed 11776K, reserved 1048576K
}
Event: 1247.509 GC heap before
{Heap before GC invocations=224 (full 0):
 garbage-first heap   total 306176K, used 147641K [0x0000000080000000, 0x0000000100000000)
  region size 1024K, 14 young (14336K), 5 survivors (5120K)
 Metaspace       used 87784K, capacity 90070K, committed 90236K, reserved 1128448K
  class space    used 10765K, capacity 11697K, committed 11776K, reserved 1048576K
}
Event: 1247.538 GC heap after
{Heap after GC invocations=225 (full 0):
 garbage-first heap   total 306176K, used 137742K [0x0000000080000000, 0x0000000100000000)
  region size 1024K, 2 young (2048K), 2 survivors (2048K)
 Metaspace       used 87784K, capacity 90070K, committed 90236K, reserved 1128448K
  class space    used 10765K, capacity 11697K, committed 11776K, reserved 1048576K
}
Event: 1252.695 GC heap before
{Heap before GC invocations=225 (full 0):
 garbage-first heap   total 306176K, used 224782K [0x0000000080000000, 0x0000000100000000)
  region size 1024K, 87 young (89088K), 2 survivors (2048K)
 Metaspace       used 95503K, capacity 97910K, committed 98044K, reserved 1134592K
  class space    used 11923K, capacity 12844K, committed 12928K, reserved 1048576K
}
Event: 1252.816 GC heap after
{Heap after GC invocations=226 (full 0):
 garbage-first heap   total 306176K, used 143554K [0x0000000080000000, 0x0000000100000000)
  region size 1024K, 8 young (8192K), 8 survivors (8192K)
 Metaspace       used 95503K, capacity 97910K, committed 98044K, reserved 1134592K
  class space    used 11923K, capacity 12844K, committed 12928K, reserved 1048576K
}
Event: 1312.979 GC heap before
{Heap before GC invocations=227 (full 0):
 garbage-first heap   total 306176K, used 254146K [0x0000000080000000, 0x0000000100000000)
  region size 1024K, 78 young (79872K), 8 survivors (8192K)
 Metaspace       used 99317K, capacity 101839K, committed 102012K, reserved 1138688K
  class space    used 12364K, capacity 13307K, committed 13312K, reserved 1048576K
}

