# JRE version: OpenJDK Runtime Environment (11.0.15) (build 11.0.15+0-b2043.56-9505619)
# Java VM: OpenJDK 64-Bit Server VM (11.0.15+0-b2043.56-9505619, mixed mode, tiered, compressed oops, g1 gc, windows-amd64)
Heap:
 garbage-first heap   total 211968K, used 140537K [0x0000000080000000, 0x0000000100000000)
  region size 1024K, 18 young (18432K), 5 survivors (5120K)
 Metaspace       used 71840K, capacity 73775K, committed 73904K, reserved 1114112K
  class space    used 9093K, capacity 9860K, committed 9984K, reserved 1048576K
GC Heap History (20 events):
Event: 31.710 GC heap before
{Heap before GC invocations=56 (full 0):
 garbage-first heap   total 176128K, used 108284K [0x0000000080000000, 0x0000000100000000)
  region size 1024K, 10 young (10240K), 5 survivors (5120K)
 Metaspace       used 52738K, capacity 54278K, committed 54448K, reserved 1095680K
  class space    used 6737K, capacity 7328K, committed 7424K, reserved 1048576K
}
Event: 31.726 GC heap after
{Heap after GC invocations=57 (full 0):
 garbage-first heap   total 176128K, used 108159K [0x0000000080000000, 0x0000000100000000)
  region size 1024K, 6 young (6144K), 6 survivors (6144K)
 Metaspace       used 52738K, capacity 54278K, committed 54448K, reserved 1095680K
  class space    used 6737K, capacity 7328K, committed 7424K, reserved 1048576K
}
Event: 32.860 GC heap before
{Heap before GC invocations=58 (full 0):
 garbage-first heap   total 176128K, used 138879K [0x0000000080000000, 0x0000000100000000)
  region size 1024K, 33 young (33792K), 6 survivors (6144K)
 Metaspace       used 54930K, capacity 56559K, committed 56752K, reserved 1097728K
  class space    used 7039K, capacity 7662K, committed 7680K, reserved 1048576K
}
Event: 32.875 GC heap after
{Heap after GC invocations=59 (full 0):
 garbage-first heap   total 211968K, used 115445K [0x0000000080000000, 0x0000000100000000)
  region size 1024K, 5 young (5120K), 5 survivors (5120K)
 Metaspace       used 54930K, capacity 56559K, committed 56752K, reserved 1097728K
  class space    used 7039K, capacity 7662K, committed 7680K, reserved 1048576K
}
Event: 35.183 GC heap before
{Heap before GC invocations=59 (full 0):
 garbage-first heap   total 211968K, used 157429K [0x0000000080000000, 0x0000000100000000)
  region size 1024K, 46 young (47104K), 5 survivors (5120K)
 Metaspace       used 60644K, capacity 62479K, committed 62640K, reserved 1103872K
  class space    used 7685K, capacity 8417K, committed 8448K, reserved 1048576K
}
Event: 35.198 GC heap after
{Heap after GC invocations=60 (full 0):
 garbage-first heap   total 211968K, used 117141K [0x0000000080000000, 0x0000000100000000)
  region size 1024K, 2 young (2048K), 2 survivors (2048K)
 Metaspace       used 60644K, capacity 62479K, committed 62640K, reserved 1103872K
  class space    used 7685K, capacity 8417K, committed 8448K, reserved 1048576K
}
Event: 37.055 GC heap before
{Heap before GC invocations=61 (full 0):
 garbage-first heap   total 211968K, used 136597K [0x0000000080000000, 0x0000000100000000)
  region size 1024K, 22 young (22528K), 2 survivors (2048K)
 Metaspace       used 64218K, capacity 66032K, committed 66224K, reserved 1105920K
  class space    used 8133K, capacity 8837K, committed 8960K, reserved 1048576K
}
Event: 37.069 GC heap after
{Heap after GC invocations=62 (full 0):
 garbage-first heap   total 211968K, used 119344K [0x0000000080000000, 0x0000000100000000)
  region size 1024K, 4 young (4096K), 4 survivors (4096K)
 Metaspace       used 64218K, capacity 66032K, committed 66224K, reserved 1105920K
  class space    used 8133K, capacity 8837K, committed 8960K, reserved 1048576K
}
Event: 38.953 GC heap before
{Heap before GC invocations=63 (full 0):
 garbage-first heap   total 211968K, used 169520K [0x0000000080000000, 0x0000000100000000)
  region size 1024K, 46 young (47104K), 4 survivors (4096K)
 Metaspace       used 66768K, capacity 68667K, committed 68784K, reserved 1110016K
  class space    used 8451K, capacity 9170K, committed 9216K, reserved 1048576K
}
Event: 38.973 GC heap after
{Heap after GC invocations=64 (full 0):
 garbage-first heap   total 211968K, used 122695K [0x0000000080000000, 0x0000000100000000)
  region size 1024K, 6 young (6144K), 6 survivors (6144K)
 Metaspace       used 66768K, capacity 68667K, committed 68784K, reserved 1110016K
  class space    used 8451K, capacity 9170K, committed 9216K, reserved 1048576K
}
Event: 39.115 GC heap before
{Heap before GC invocations=64 (full 0):
 garbage-first heap   total 211968K, used 126791K [0x0000000080000000, 0x0000000100000000)
  region size 1024K, 10 young (10240K), 6 survivors (6144K)
 Metaspace       used 66973K, capacity 68842K, committed 69040K, reserved 1110016K
  class space    used 8479K, capacity 9207K, committed 9216K, reserved 1048576K
}
Event: 39.129 GC heap after
{Heap after GC invocations=65 (full 0):
 garbage-first heap   total 211968K, used 123494K [0x0000000080000000, 0x0000000100000000)
  region size 1024K, 1 young (1024K), 1 survivors (1024K)
 Metaspace       used 66973K, capacity 68842K, committed 69040K, reserved 1110016K
  class space    used 8479K, capacity 9207K, committed 9216K, reserved 1048576K
}
Event: 39.650 GC heap before
{Heap before GC invocations=66 (full 0):
 garbage-first heap   total 211968K, used 134758K [0x0000000080000000, 0x0000000100000000)
  region size 1024K, 13 young (13312K), 1 survivors (1024K)
 Metaspace       used 67966K, capacity 69812K, committed 69936K, reserved 1110016K
  class space    used 8623K, capacity 9337K, committed 9344K, reserved 1048576K
}
Event: 39.658 GC heap after
{Heap after GC invocations=67 (full 0):
 garbage-first heap   total 211968K, used 123832K [0x0000000080000000, 0x0000000100000000)
  region size 1024K, 2 young (2048K), 2 survivors (2048K)
 Metaspace       used 67966K, capacity 69812K, committed 69936K, reserved 1110016K
  class space    used 8623K, capacity 9337K, committed 9344K, reserved 1048576K
}
Event: 40.616 GC heap before
{Heap before GC invocations=68 (full 0):
 garbage-first heap   total 211968K, used 144312K [0x0000000080000000, 0x0000000100000000)
  region size 1024K, 21 young (21504K), 2 survivors (2048K)
 Metaspace       used 69768K, capacity 71636K, committed 71856K, reserved 1112064K
  class space    used 8864K, capacity 9621K, committed 9728K, reserved 1048576K
}
Event: 40.623 GC heap after
{Heap after GC invocations=69 (full 0):
 garbage-first heap   total 211968K, used 124121K [0x0000000080000000, 0x0000000100000000)
  region size 1024K, 2 young (2048K), 2 survivors (2048K)
 Metaspace       used 69768K, capacity 71636K, committed 71856K, reserved 1112064K
  class space    used 8864K, capacity 9621K, committed 9728K, reserved 1048576K
}
Event: 41.869 GC heap before
{Heap before GC invocations=69 (full 0):
 garbage-first heap   total 211968K, used 151769K [0x0000000080000000, 0x0000000100000000)
  region size 1024K, 29 young (29696K), 2 survivors (2048K)
 Metaspace       used 71435K, capacity 73312K, committed 73520K, reserved 1114112K
  class space    used 9060K, capacity 9792K, committed 9856K, reserved 1048576K
}
Event: 41.884 GC heap after
{Heap after GC invocations=70 (full 0):
 garbage-first heap   total 211968K, used 126193K [0x0000000080000000, 0x0000000100000000)
  region size 1024K, 4 young (4096K), 4 survivors (4096K)
 Metaspace       used 71435K, capacity 73312K, committed 73520K, reserved 1114112K
  class space    used 9060K, capacity 9792K, committed 9856K, reserved 1048576K
}
Event: 42.505 GC heap before
{Heap before GC invocations=71 (full 0):
 garbage-first heap   total 211968K, used 157937K [0x0000000080000000, 0x0000000100000000)
  region size 1024K, 35 young (35840K), 4 survivors (4096K)
 Metaspace       used 71671K, capacity 73667K, committed 73776K, reserved 1114112K
  class space    used 9076K, capacity 9826K, committed 9856K, reserved 1048576K
}
Event: 42.524 GC heap after
{Heap after GC invocations=72 (full 0):
 garbage-first heap   total 211968K, used 128249K [0x0000000080000000, 0x0000000100000000)
  region size 1024K, 5 young (5120K), 5 survivors (5120K)
 Metaspace       used 71671K, capacity 73667K, committed 73776K, reserved 1114112K
  class space    used 9076K, capacity 9826K, committed 9856K, reserved 1048576K
}

