# JRE version: OpenJDK Runtime Environment (11.0.15) (build 11.0.15+0-b2043.56-9505619)
# Java VM: OpenJDK 64-Bit Server VM (11.0.15+0-b2043.56-9505619, mixed mode, tiered, compressed oops, g1 gc, windows-amd64)
Heap:
 garbage-first heap   total 295936K, used 130592K [0x0000000080000000, 0x0000000100000000)
  region size 1024K, 8 young (8192K), 8 survivors (8192K)
 Metaspace       used 74274K, capacity 76294K, committed 76464K, reserved 1116160K
  class space    used 9415K, capacity 10185K, committed 10240K, reserved 1048576K
GC Heap History (20 events):
Event: 36.750 GC heap after
{Heap after GC invocations=42 (full 0):
 garbage-first heap   total 168960K, used 62067K [0x0000000080000000, 0x0000000100000000)
  region size 1024K, 4 young (4096K), 4 survivors (4096K)
 Metaspace       used 43204K, capacity 44345K, committed 44592K, reserved 1087488K
  class space    used 5493K, capacity 5899K, committed 6016K, reserved 1048576K
}
Event: 38.363 GC heap before
{Heap before GC invocations=42 (full 0):
 garbage-first heap   total 168960K, used 102003K [0x0000000080000000, 0x0000000100000000)
  region size 1024K, 28 young (28672K), 4 survivors (4096K)
 Metaspace       used 44745K, capacity 45957K, committed 46128K, reserved 1089536K
  class space    used 5713K, capacity 6153K, committed 6272K, reserved 1048576K
}
Event: 38.467 GC heap after
{Heap after GC invocations=43 (full 0):
 garbage-first heap   total 168960K, used 82528K [0x0000000080000000, 0x0000000100000000)
  region size 1024K, 6 young (6144K), 6 survivors (6144K)
 Metaspace       used 44745K, capacity 45957K, committed 46128K, reserved 1089536K
  class space    used 5713K, capacity 6153K, committed 6272K, reserved 1048576K
}
Event: 39.839 GC heap before
{Heap before GC invocations=44 (full 0):
 garbage-first heap   total 168960K, used 98912K [0x0000000080000000, 0x0000000100000000)
  region size 1024K, 21 young (21504K), 6 survivors (6144K)
 Metaspace       used 45437K, capacity 46741K, committed 47024K, reserved 1089536K
  class space    used 5791K, capacity 6284K, committed 6400K, reserved 1048576K
}
Event: 39.870 GC heap after
{Heap after GC invocations=45 (full 0):
 garbage-first heap   total 168960K, used 88063K [0x0000000080000000, 0x0000000100000000)
  region size 1024K, 6 young (6144K), 6 survivors (6144K)
 Metaspace       used 45437K, capacity 46741K, committed 47024K, reserved 1089536K
  class space    used 5791K, capacity 6284K, committed 6400K, reserved 1048576K
}
Event: 41.209 GC heap before
{Heap before GC invocations=46 (full 0):
 garbage-first heap   total 168960K, used 121855K [0x0000000080000000, 0x0000000100000000)
  region size 1024K, 38 young (38912K), 6 survivors (6144K)
 Metaspace       used 47438K, capacity 48785K, committed 48944K, reserved 1091584K
  class space    used 5979K, capacity 6470K, committed 6528K, reserved 1048576K
}
Event: 41.224 GC heap after
{Heap after GC invocations=47 (full 0):
 garbage-first heap   total 168960K, used 89914K [0x0000000080000000, 0x0000000100000000)
  region size 1024K, 5 young (5120K), 5 survivors (5120K)
 Metaspace       used 47438K, capacity 48785K, committed 48944K, reserved 1091584K
  class space    used 5979K, capacity 6470K, committed 6528K, reserved 1048576K
}
Event: 42.034 GC heap before
{Heap before GC invocations=47 (full 0):
 garbage-first heap   total 168960K, used 110394K [0x0000000080000000, 0x0000000100000000)
  region size 1024K, 26 young (26624K), 5 survivors (5120K)
 Metaspace       used 48752K, capacity 50138K, committed 50224K, reserved 1093632K
  class space    used 6194K, capacity 6730K, committed 6784K, reserved 1048576K
}
Event: 42.059 GC heap after
{Heap after GC invocations=48 (full 0):
 garbage-first heap   total 245760K, used 91235K [0x0000000080000000, 0x0000000100000000)
  region size 1024K, 2 young (2048K), 2 survivors (2048K)
 Metaspace       used 48752K, capacity 50138K, committed 50224K, reserved 1093632K
  class space    used 6194K, capacity 6730K, committed 6784K, reserved 1048576K
}
Event: 46.304 GC heap before
{Heap before GC invocations=49 (full 0):
 garbage-first heap   total 245760K, used 167011K [0x0000000080000000, 0x0000000100000000)
  region size 1024K, 72 young (73728K), 2 survivors (2048K)
 Metaspace       used 52509K, capacity 54086K, committed 54320K, reserved 1095680K
  class space    used 6699K, capacity 7290K, committed 7296K, reserved 1048576K
}
Event: 46.325 GC heap after
{Heap after GC invocations=50 (full 0):
 garbage-first heap   total 245760K, used 100128K [0x0000000080000000, 0x0000000100000000)
  region size 1024K, 6 young (6144K), 6 survivors (6144K)
 Metaspace       used 52509K, capacity 54086K, committed 54320K, reserved 1095680K
  class space    used 6699K, capacity 7290K, committed 7296K, reserved 1048576K
}
Event: 51.376 GC heap before
{Heap before GC invocations=50 (full 0):
 garbage-first heap   total 245760K, used 187168K [0x0000000080000000, 0x0000000100000000)
  region size 1024K, 84 young (86016K), 6 survivors (6144K)
 Metaspace       used 60753K, capacity 62602K, committed 62640K, reserved 1103872K
  class space    used 7710K, capacity 8418K, committed 8448K, reserved 1048576K
}
Event: 51.459 GC heap after
{Heap after GC invocations=51 (full 0):
 garbage-first heap   total 245760K, used 116059K [0x0000000080000000, 0x0000000100000000)
  region size 1024K, 11 young (11264K), 11 survivors (11264K)
 Metaspace       used 60753K, capacity 62602K, committed 62640K, reserved 1103872K
  class space    used 7710K, capacity 8418K, committed 8448K, reserved 1048576K
}
Event: 53.578 GC heap before
{Heap before GC invocations=51 (full 0):
 garbage-first heap   total 245760K, used 148827K [0x0000000080000000, 0x0000000100000000)
  region size 1024K, 39 young (39936K), 11 survivors (11264K)
 Metaspace       used 64266K, capacity 66121K, committed 66480K, reserved 1107968K
  class space    used 8135K, capacity 8847K, committed 8960K, reserved 1048576K
}
Event: 53.682 GC heap after
{Heap after GC invocations=52 (full 0):
 garbage-first heap   total 245760K, used 125608K [0x0000000080000000, 0x0000000100000000)
  region size 1024K, 6 young (6144K), 6 survivors (6144K)
 Metaspace       used 64266K, capacity 66121K, committed 66480K, reserved 1107968K
  class space    used 8135K, capacity 8847K, committed 8960K, reserved 1048576K
}
Event: 56.595 GC heap before
{Heap before GC invocations=53 (full 0):
 garbage-first heap   total 245760K, used 175784K [0x0000000080000000, 0x0000000100000000)
  region size 1024K, 54 young (55296K), 6 survivors (6144K)
 Metaspace       used 67935K, capacity 69808K, committed 69936K, reserved 1110016K
  class space    used 8619K, capacity 9337K, committed 9344K, reserved 1048576K
}
Event: 56.621 GC heap after
{Heap after GC invocations=54 (full 0):
 garbage-first heap   total 245760K, used 123756K [0x0000000080000000, 0x0000000100000000)
  region size 1024K, 3 young (3072K), 3 survivors (3072K)
 Metaspace       used 67935K, capacity 69808K, committed 69936K, reserved 1110016K
  class space    used 8619K, capacity 9337K, committed 9344K, reserved 1048576K
}
Event: 58.731 GC heap before
{Heap before GC invocations=55 (full 0):
 garbage-first heap   total 245760K, used 181100K [0x0000000080000000, 0x0000000100000000)
  region size 1024K, 58 young (59392K), 3 survivors (3072K)
 Metaspace       used 71406K, capacity 73308K, committed 73520K, reserved 1114112K
  class space    used 9056K, capacity 9792K, committed 9856K, reserved 1048576K
}
Event: 58.777 GC heap after
{Heap after GC invocations=56 (full 0):
 garbage-first heap   total 245760K, used 126662K [0x0000000080000000, 0x0000000100000000)
  region size 1024K, 6 young (6144K), 6 survivors (6144K)
 Metaspace       used 71406K, capacity 73308K, committed 73520K, reserved 1114112K
  class space    used 9056K, capacity 9792K, committed 9856K, reserved 1048576K
}
Event: 60.717 GC heap before
{Heap before GC invocations=56 (full 0):
 garbage-first heap   total 245760K, used 185030K [0x0000000080000000, 0x0000000100000000)
  region size 1024K, 63 young (64512K), 6 survivors (6144K)
 Metaspace       used 74274K, capacity 76294K, committed 76464K, reserved 1116160K
  class space    used 9415K, capacity 10185K, committed 10240K, reserved 1048576K
}

