# JRE version: OpenJDK Runtime Environment (11.0.15) (build 11.0.15+0-b2043.56-9505619)
# Java VM: OpenJDK 64-Bit Server VM (11.0.15+0-b2043.56-9505619, mixed mode, tiered, compressed oops, g1 gc, windows-amd64)
Heap:
 garbage-first heap   total 81920K, used 50652K [0x0000000080000000, 0x0000000100000000)
  region size 1024K, 1 young (1024K), 1 survivors (1024K)
 Metaspace       used 27805K, capacity 28633K, committed 28720K, reserved 1075200K
  class space    used 3642K, capacity 3955K, committed 3968K, reserved 1048576K
GC Heap History (19 events):
Event: 2.056 GC heap before
{Heap before GC invocations=0 (full 0):
 garbage-first heap   total 57344K, used 16384K [0x0000000080000000, 0x0000000100000000)
  region size 1024K, 14 young (14336K), 0 survivors (0K)
 Metaspace       used 6758K, capacity 7001K, committed 7168K, reserved 1056768K
  class space    used 571K, capacity 650K, committed 768K, reserved 1048576K
}
Event: 2.074 GC heap after
{Heap after GC invocations=1 (full 0):
 garbage-first heap   total 57344K, used 4033K [0x0000000080000000, 0x0000000100000000)
  region size 1024K, 2 young (2048K), 2 survivors (2048K)
 Metaspace       used 6758K, capacity 7001K, committed 7168K, reserved 1056768K
  class space    used 571K, capacity 650K, committed 768K, reserved 1048576K
}
Event: 5.237 GC heap before
{Heap before GC invocations=1 (full 0):
 garbage-first heap   total 57344K, used 38849K [0x0000000080000000, 0x0000000100000000)
  region size 1024K, 33 young (33792K), 2 survivors (2048K)
 Metaspace       used 11247K, capacity 11459K, committed 11520K, reserved 1058816K
  class space    used 1154K, capacity 1245K, committed 1280K, reserved 1048576K
}
Event: 5.250 GC heap after
{Heap after GC invocations=2 (full 0):
 garbage-first heap   total 57344K, used 9818K [0x0000000080000000, 0x0000000100000000)
  region size 1024K, 5 young (5120K), 5 survivors (5120K)
 Metaspace       used 11247K, capacity 11459K, committed 11520K, reserved 1058816K
  class space    used 1154K, capacity 1245K, committed 1280K, reserved 1048576K
}
Event: 6.417 GC heap before
{Heap before GC invocations=2 (full 0):
 garbage-first heap   total 57344K, used 37466K [0x0000000080000000, 0x0000000100000000)
  region size 1024K, 31 young (31744K), 5 survivors (5120K)
 Metaspace       used 12476K, capacity 12711K, committed 12800K, reserved 1060864K
  class space    used 1341K, capacity 1449K, committed 1536K, reserved 1048576K
}
Event: 6.436 GC heap after
{Heap after GC invocations=3 (full 0):
 garbage-first heap   total 57344K, used 14550K [0x0000000080000000, 0x0000000100000000)
  region size 1024K, 4 young (4096K), 4 survivors (4096K)
 Metaspace       used 12476K, capacity 12711K, committed 12800K, reserved 1060864K
  class space    used 1341K, capacity 1449K, committed 1536K, reserved 1048576K
}
Event: 9.774 GC heap before
{Heap before GC invocations=3 (full 0):
 garbage-first heap   total 57344K, used 38102K [0x0000000080000000, 0x0000000100000000)
  region size 1024K, 27 young (27648K), 4 survivors (4096K)
 Metaspace       used 18354K, capacity 18709K, committed 18944K, reserved 1067008K
  class space    used 2142K, capacity 2292K, committed 2304K, reserved 1048576K
}
Event: 9.786 GC heap after
{Heap after GC invocations=4 (full 0):
 garbage-first heap   total 57344K, used 16572K [0x0000000080000000, 0x0000000100000000)
  region size 1024K, 2 young (2048K), 2 survivors (2048K)
 Metaspace       used 18354K, capacity 18709K, committed 18944K, reserved 1067008K
  class space    used 2142K, capacity 2292K, committed 2304K, reserved 1048576K
}
Event: 10.701 GC heap before
{Heap before GC invocations=4 (full 0):
 garbage-first heap   total 57344K, used 33980K [0x0000000080000000, 0x0000000100000000)
  region size 1024K, 20 young (20480K), 2 survivors (2048K)
 Metaspace       used 20751K, capacity 21137K, committed 21296K, reserved 1069056K
  class space    used 2491K, capacity 2634K, committed 2688K, reserved 1048576K
}
Event: 10.707 GC heap after
{Heap after GC invocations=5 (full 0):
 garbage-first heap   total 57344K, used 17073K [0x0000000080000000, 0x0000000100000000)
  region size 1024K, 3 young (3072K), 3 survivors (3072K)
 Metaspace       used 20751K, capacity 21137K, committed 21296K, reserved 1069056K
  class space    used 2491K, capacity 2634K, committed 2688K, reserved 1048576K
}
Event: 11.630 GC heap before
{Heap before GC invocations=6 (full 0):
 garbage-first heap   total 57344K, used 39601K [0x0000000080000000, 0x0000000100000000)
  region size 1024K, 25 young (25600K), 3 survivors (3072K)
 Metaspace       used 22771K, capacity 23228K, committed 23472K, reserved 1069056K
  class space    used 2848K, capacity 3017K, committed 3072K, reserved 1048576K
}
Event: 11.640 GC heap after
{Heap after GC invocations=7 (full 0):
 garbage-first heap   total 57344K, used 17854K [0x0000000080000000, 0x0000000100000000)
  region size 1024K, 2 young (2048K), 2 survivors (2048K)
 Metaspace       used 22771K, capacity 23228K, committed 23472K, reserved 1069056K
  class space    used 2848K, capacity 3017K, committed 3072K, reserved 1048576K
}
Event: 12.617 GC heap before
{Heap before GC invocations=7 (full 0):
 garbage-first heap   total 57344K, used 40382K [0x0000000080000000, 0x0000000100000000)
  region size 1024K, 24 young (24576K), 2 survivors (2048K)
 Metaspace       used 24974K, capacity 25514K, committed 25648K, reserved 1071104K
  class space    used 3191K, capacity 3398K, committed 3456K, reserved 1048576K
}
Event: 12.623 GC heap after
{Heap after GC invocations=8 (full 0):
 garbage-first heap   total 57344K, used 18540K [0x0000000080000000, 0x0000000100000000)
  region size 1024K, 3 young (3072K), 3 survivors (3072K)
 Metaspace       used 24974K, capacity 25514K, committed 25648K, reserved 1071104K
  class space    used 3191K, capacity 3398K, committed 3456K, reserved 1048576K
}
Event: 14.329 GC heap before
{Heap before GC invocations=8 (full 0):
 garbage-first heap   total 57344K, used 47212K [0x0000000080000000, 0x0000000100000000)
  region size 1024K, 25 young (25600K), 3 survivors (3072K)
 Metaspace       used 27646K, capacity 28459K, committed 28720K, reserved 1075200K
  class space    used 3621K, capacity 3910K, committed 3968K, reserved 1048576K
}
Event: 14.350 GC heap after
{Heap after GC invocations=9 (full 0):
 garbage-first heap   total 57344K, used 29749K [0x0000000080000000, 0x0000000100000000)
  region size 1024K, 4 young (4096K), 4 survivors (4096K)
 Metaspace       used 27646K, capacity 28459K, committed 28720K, reserved 1075200K
  class space    used 3621K, capacity 3910K, committed 3968K, reserved 1048576K
}
Event: 14.681 GC heap before
{Heap before GC invocations=10 (full 0):
 garbage-first heap   total 57344K, used 39989K [0x0000000080000000, 0x0000000100000000)
  region size 1024K, 9 young (9216K), 4 survivors (4096K)
 Metaspace       used 27805K, capacity 28633K, committed 28720K, reserved 1075200K
  class space    used 3642K, capacity 3955K, committed 3968K, reserved 1048576K
}
Event: 14.697 GC heap after
{Heap after GC invocations=11 (full 0):
 garbage-first heap   total 57344K, used 40960K [0x0000000080000000, 0x0000000100000000)
  region size 1024K, 3 young (3072K), 3 survivors (3072K)
 Metaspace       used 27805K, capacity 28633K, committed 28720K, reserved 1075200K
  class space    used 3642K, capacity 3955K, committed 3968K, reserved 1048576K
}
Event: 14.846 GC heap before
{Heap before GC invocations=12 (full 0):
 garbage-first heap   total 67584K, used 51200K [0x0000000080000000, 0x0000000100000000)
  region size 1024K, 4 young (4096K), 3 survivors (3072K)
 Metaspace       used 27805K, capacity 28633K, committed 28720K, reserved 1075200K
  class space    used 3642K, capacity 3955K, committed 3968K, reserved 1048576K
}

