# JRE version: OpenJDK Runtime Environment (11.0.15) (build 11.0.15+0-b2043.56-9505619)
# Java VM: OpenJDK 64-Bit Server VM (11.0.15+0-b2043.56-9505619, mixed mode, tiered, compressed oops, g1 gc, windows-amd64)
Heap:
 garbage-first heap   total 592896K, used 384343K [0x0000000080000000, 0x0000000100000000)
  region size 1024K, 4 young (4096K), 4 survivors (4096K)
 Metaspace       used 144047K, capacity 148323K, committed 148656K, reserved 1179648K
  class space    used 17790K, capacity 19355K, committed 19456K, reserved 1048576K
GC Heap History (20 events):
Event: 440.964 GC heap after
{Heap after GC invocations=166 (full 0):
 garbage-first heap   total 464896K, used 379974K [0x0000000080000000, 0x0000000100000000)
  region size 1024K, 2 young (2048K), 2 survivors (2048K)
 Metaspace       used 141768K, capacity 145966K, committed 146224K, reserved 1177600K
  class space    used 17515K, capacity 19065K, committed 19072K, reserved 1048576K
}
Event: 441.273 GC heap before
{Heap before GC invocations=166 (full 0):
 garbage-first heap   total 464896K, used 386118K [0x0000000080000000, 0x0000000100000000)
  region size 1024K, 9 young (9216K), 2 survivors (2048K)
 Metaspace       used 141774K, capacity 145967K, committed 146224K, reserved 1177600K
  class space    used 17515K, capacity 19065K, committed 19072K, reserved 1048576K
}
Event: 441.301 GC heap after
{Heap after GC invocations=167 (full 0):
 garbage-first heap   total 464896K, used 380267K [0x0000000080000000, 0x0000000100000000)
  region size 1024K, 2 young (2048K), 2 survivors (2048K)
 Metaspace       used 141774K, capacity 145967K, committed 146224K, reserved 1177600K
  class space    used 17515K, capacity 19065K, committed 19072K, reserved 1048576K
}
Event: 442.339 GC heap before
{Heap before GC invocations=167 (full 0):
 garbage-first heap   total 464896K, used 406891K [0x0000000080000000, 0x0000000100000000)
  region size 1024K, 24 young (24576K), 2 survivors (2048K)
 Metaspace       used 141851K, capacity 146033K, committed 146224K, reserved 1177600K
  class space    used 17521K, capacity 19065K, committed 19072K, reserved 1048576K
}
Event: 442.372 GC heap after
{Heap after GC invocations=168 (full 0):
 garbage-first heap   total 464896K, used 387141K [0x0000000080000000, 0x0000000100000000)
  region size 1024K, 3 young (3072K), 3 survivors (3072K)
 Metaspace       used 141851K, capacity 146033K, committed 146224K, reserved 1177600K
  class space    used 17521K, capacity 19065K, committed 19072K, reserved 1048576K
}
Event: 442.866 GC heap before
{Heap before GC invocations=168 (full 0):
 garbage-first heap   total 464896K, used 395333K [0x0000000080000000, 0x0000000100000000)
  region size 1024K, 22 young (22528K), 3 survivors (3072K)
 Metaspace       used 141843K, capacity 145988K, committed 146224K, reserved 1177600K
  class space    used 17512K, capacity 19049K, committed 19072K, reserved 1048576K
}
Event: 442.914 GC heap after
{Heap after GC invocations=169 (full 0):
 garbage-first heap   total 464896K, used 378867K [0x0000000080000000, 0x0000000100000000)
  region size 1024K, 3 young (3072K), 3 survivors (3072K)
 Metaspace       used 141843K, capacity 145988K, committed 146224K, reserved 1177600K
  class space    used 17512K, capacity 19049K, committed 19072K, reserved 1048576K
}
Event: 443.416 GC heap before
{Heap before GC invocations=169 (full 0):
 garbage-first heap   total 464896K, used 401395K [0x0000000080000000, 0x0000000100000000)
  region size 1024K, 26 young (26624K), 3 survivors (3072K)
 Metaspace       used 142067K, capacity 146180K, committed 146480K, reserved 1177600K
  class space    used 17527K, capacity 19049K, committed 19072K, reserved 1048576K
}
Event: 443.454 GC heap after
{Heap after GC invocations=170 (full 0):
 garbage-first heap   total 464896K, used 380902K [0x0000000080000000, 0x0000000100000000)
  region size 1024K, 2 young (2048K), 2 survivors (2048K)
 Metaspace       used 142067K, capacity 146180K, committed 146480K, reserved 1177600K
  class space    used 17527K, capacity 19049K, committed 19072K, reserved 1048576K
}
Event: 444.550 GC heap before
{Heap before GC invocations=171 (full 0):
 garbage-first heap   total 464896K, used 404454K [0x0000000080000000, 0x0000000100000000)
  region size 1024K, 25 young (25600K), 2 survivors (2048K)
 Metaspace       used 142363K, capacity 146512K, committed 146864K, reserved 1177600K
  class space    used 17569K, capacity 19117K, committed 19200K, reserved 1048576K
}
Event: 444.583 GC heap after
{Heap after GC invocations=172 (full 0):
 garbage-first heap   total 464896K, used 384796K [0x0000000080000000, 0x0000000100000000)
  region size 1024K, 4 young (4096K), 4 survivors (4096K)
 Metaspace       used 142363K, capacity 146512K, committed 146864K, reserved 1177600K
  class space    used 17569K, capacity 19117K, committed 19200K, reserved 1048576K
}
Event: 445.111 GC heap before
{Heap before GC invocations=172 (full 0):
 garbage-first heap   total 464896K, used 403228K [0x0000000080000000, 0x0000000100000000)
  region size 1024K, 22 young (22528K), 4 survivors (4096K)
 Metaspace       used 142584K, capacity 146745K, committed 146864K, reserved 1177600K
  class space    used 17594K, capacity 19167K, committed 19200K, reserved 1048576K
}
Event: 445.223 GC heap after
{Heap after GC invocations=173 (full 0):
 garbage-first heap   total 464896K, used 369443K [0x0000000080000000, 0x0000000100000000)
  region size 1024K, 3 young (3072K), 3 survivors (3072K)
 Metaspace       used 142584K, capacity 146745K, committed 146864K, reserved 1177600K
  class space    used 17594K, capacity 19167K, committed 19200K, reserved 1048576K
}
Event: 446.009 GC heap before
{Heap before GC invocations=173 (full 0):
 garbage-first heap   total 464896K, used 400163K [0x0000000080000000, 0x0000000100000000)
  region size 1024K, 30 young (30720K), 3 survivors (3072K)
 Metaspace       used 142873K, capacity 147059K, committed 147120K, reserved 1177600K
  class space    used 17632K, capacity 19183K, committed 19200K, reserved 1048576K
}
Event: 446.041 GC heap after
{Heap after GC invocations=174 (full 0):
 garbage-first heap   total 464896K, used 375147K [0x0000000080000000, 0x0000000100000000)
  region size 1024K, 4 young (4096K), 4 survivors (4096K)
 Metaspace       used 142873K, capacity 147059K, committed 147120K, reserved 1177600K
  class space    used 17632K, capacity 19183K, committed 19200K, reserved 1048576K
}
Event: 446.757 GC heap before
{Heap before GC invocations=174 (full 0):
 garbage-first heap   total 464896K, used 389483K [0x0000000080000000, 0x0000000100000000)
  region size 1024K, 20 young (20480K), 4 survivors (4096K)
 Metaspace       used 142888K, capacity 147061K, committed 147120K, reserved 1177600K
  class space    used 17632K, capacity 19183K, committed 19200K, reserved 1048576K
}
Event: 446.768 GC heap after
{Heap after GC invocations=175 (full 0):
 garbage-first heap   total 464896K, used 375870K [0x0000000080000000, 0x0000000100000000)
  region size 1024K, 3 young (3072K), 3 survivors (3072K)
 Metaspace       used 142888K, capacity 147061K, committed 147120K, reserved 1177600K
  class space    used 17632K, capacity 19183K, committed 19200K, reserved 1048576K
}
Event: 448.037 GC heap before
{Heap before GC invocations=175 (full 0):
 garbage-first heap   total 464896K, used 404542K [0x0000000080000000, 0x0000000100000000)
  region size 1024K, 27 young (27648K), 3 survivors (3072K)
 Metaspace       used 143786K, capacity 148077K, committed 148272K, reserved 1177600K
  class space    used 17733K, capacity 19317K, committed 19328K, reserved 1048576K
}
Event: 448.068 GC heap after
{Heap after GC invocations=176 (full 0):
 garbage-first heap   total 464896K, used 383430K [0x0000000080000000, 0x0000000100000000)
  region size 1024K, 4 young (4096K), 4 survivors (4096K)
 Metaspace       used 143786K, capacity 148077K, committed 148272K, reserved 1177600K
  class space    used 17733K, capacity 19317K, committed 19328K, reserved 1048576K
}
Event: 448.760 GC heap before
{Heap before GC invocations=176 (full 0):
 garbage-first heap   total 464896K, used 401862K [0x0000000080000000, 0x0000000100000000)
  region size 1024K, 25 young (25600K), 4 survivors (4096K)
 Metaspace       used 144047K, capacity 148323K, committed 148656K, reserved 1179648K
  class space    used 17790K, capacity 19355K, committed 19456K, reserved 1048576K
}

