# JRE version: OpenJDK Runtime Environment (11.0.15) (build 11.0.15+0-b2043.56-9505619)
# Java VM: OpenJDK 64-Bit Server VM (11.0.15+0-b2043.56-9505619, mixed mode, tiered, compressed oops, g1 gc, windows-amd64)
Heap:
 garbage-first heap   total 146432K, used 106369K [0x0000000080000000, 0x0000000100000000)
  region size 1024K, 40 young (40960K), 5 survivors (5120K)
 Metaspace       used 83762K, capacity 85702K, committed 85808K, reserved 1124352K
  class space    used 10839K, capacity 11556K, committed 11648K, reserved 1048576K
GC Heap History (20 events):
Event: 69.086 GC heap before
{Heap before GC invocations=61 (full 0):
 garbage-first heap   total 101376K, used 67228K [0x0000000080000000, 0x0000000100000000)
  region size 1024K, 12 young (12288K), 2 survivors (2048K)
 Metaspace       used 61898K, capacity 63547K, committed 63664K, reserved 1103872K
  class space    used 7780K, capacity 8403K, committed 8448K, reserved 1048576K
}
Event: 69.103 GC heap after
{Heap after GC invocations=62 (full 0):
 garbage-first heap   total 101376K, used 60567K [0x0000000080000000, 0x0000000100000000)
  region size 1024K, 3 young (3072K), 3 survivors (3072K)
 Metaspace       used 61898K, capacity 63547K, committed 63664K, reserved 1103872K
  class space    used 7780K, capacity 8403K, committed 8448K, reserved 1048576K
}
Event: 70.137 GC heap before
{Heap before GC invocations=63 (full 0):
 garbage-first heap   total 101376K, used 77975K [0x0000000080000000, 0x0000000100000000)
  region size 1024K, 18 young (18432K), 3 survivors (3072K)
 Metaspace       used 63259K, capacity 64858K, committed 65200K, reserved 1105920K
  class space    used 7957K, capacity 8599K, committed 8704K, reserved 1048576K
}
Event: 70.151 GC heap after
{Heap after GC invocations=64 (full 0):
 garbage-first heap   total 101376K, used 58236K [0x0000000080000000, 0x0000000100000000)
  region size 1024K, 1 young (1024K), 1 survivors (1024K)
 Metaspace       used 63259K, capacity 64858K, committed 65200K, reserved 1105920K
  class space    used 7957K, capacity 8599K, committed 8704K, reserved 1048576K
}
Event: 71.545 GC heap before
{Heap before GC invocations=64 (full 0):
 garbage-first heap   total 101376K, used 75644K [0x0000000080000000, 0x0000000100000000)
  region size 1024K, 18 young (18432K), 1 survivors (1024K)
 Metaspace       used 64510K, capacity 66184K, committed 66352K, reserved 1107968K
  class space    used 8101K, capacity 8735K, committed 8832K, reserved 1048576K
}
Event: 71.561 GC heap after
{Heap after GC invocations=65 (full 0):
 garbage-first heap   total 101376K, used 59258K [0x0000000080000000, 0x0000000100000000)
  region size 1024K, 2 young (2048K), 2 survivors (2048K)
 Metaspace       used 64510K, capacity 66184K, committed 66352K, reserved 1107968K
  class space    used 8101K, capacity 8735K, committed 8832K, reserved 1048576K
}
Event: 72.646 GC heap before
{Heap before GC invocations=66 (full 0):
 garbage-first heap   total 101376K, used 72570K [0x0000000080000000, 0x0000000100000000)
  region size 1024K, 18 young (18432K), 2 survivors (2048K)
 Metaspace       used 65783K, capacity 67466K, committed 67760K, reserved 1107968K
  class space    used 8274K, capacity 8904K, committed 8960K, reserved 1048576K
}
Event: 72.661 GC heap after
{Heap after GC invocations=67 (full 0):
 garbage-first heap   total 121856K, used 59427K [0x0000000080000000, 0x0000000100000000)
  region size 1024K, 3 young (3072K), 3 survivors (3072K)
 Metaspace       used 65783K, capacity 67466K, committed 67760K, reserved 1107968K
  class space    used 8274K, capacity 8904K, committed 8960K, reserved 1048576K
}
Event: 74.772 GC heap before
{Heap before GC invocations=68 (full 0):
 garbage-first heap   total 121856K, used 87075K [0x0000000080000000, 0x0000000100000000)
  region size 1024K, 29 young (29696K), 3 survivors (3072K)
 Metaspace       used 68487K, capacity 70146K, committed 70448K, reserved 1110016K
  class space    used 8617K, capacity 9257K, committed 9344K, reserved 1048576K
}
Event: 74.791 GC heap after
{Heap after GC invocations=69 (full 0):
 garbage-first heap   total 121856K, used 60164K [0x0000000080000000, 0x0000000100000000)
  region size 1024K, 2 young (2048K), 2 survivors (2048K)
 Metaspace       used 68487K, capacity 70146K, committed 70448K, reserved 1110016K
  class space    used 8617K, capacity 9257K, committed 9344K, reserved 1048576K
}
Event: 75.739 GC heap before
{Heap before GC invocations=69 (full 0):
 garbage-first heap   total 121856K, used 90884K [0x0000000080000000, 0x0000000100000000)
  region size 1024K, 32 young (32768K), 2 survivors (2048K)
 Metaspace       used 69110K, capacity 70780K, committed 71088K, reserved 1112064K
  class space    used 8702K, capacity 9359K, committed 9472K, reserved 1048576K
}
Event: 75.754 GC heap after
{Heap after GC invocations=70 (full 0):
 garbage-first heap   total 121856K, used 62511K [0x0000000080000000, 0x0000000100000000)
  region size 1024K, 4 young (4096K), 4 survivors (4096K)
 Metaspace       used 69110K, capacity 70780K, committed 71088K, reserved 1112064K
  class space    used 8702K, capacity 9359K, committed 9472K, reserved 1048576K
}
Event: 76.685 GC heap before
{Heap before GC invocations=71 (full 0):
 garbage-first heap   total 121856K, used 92207K [0x0000000080000000, 0x0000000100000000)
  region size 1024K, 33 young (33792K), 4 survivors (4096K)
 Metaspace       used 69472K, capacity 71237K, committed 71344K, reserved 1112064K
  class space    used 8729K, capacity 9426K, committed 9472K, reserved 1048576K
}
Event: 76.706 GC heap after
{Heap after GC invocations=72 (full 0):
 garbage-first heap   total 121856K, used 64621K [0x0000000080000000, 0x0000000100000000)
  region size 1024K, 5 young (5120K), 5 survivors (5120K)
 Metaspace       used 69472K, capacity 71237K, committed 71344K, reserved 1112064K
  class space    used 8729K, capacity 9426K, committed 9472K, reserved 1048576K
}
Event: 78.245 GC heap before
{Heap before GC invocations=72 (full 0):
 garbage-first heap   total 121856K, used 94317K [0x0000000080000000, 0x0000000100000000)
  region size 1024K, 34 young (34816K), 5 survivors (5120K)
 Metaspace       used 72248K, capacity 74040K, committed 74288K, reserved 1114112K
  class space    used 9107K, capacity 9781K, committed 9856K, reserved 1048576K
}
Event: 78.276 GC heap after
{Heap after GC invocations=73 (full 0):
 garbage-first heap   total 146432K, used 66725K [0x0000000080000000, 0x0000000100000000)
  region size 1024K, 4 young (4096K), 4 survivors (4096K)
 Metaspace       used 72248K, capacity 74040K, committed 74288K, reserved 1114112K
  class space    used 9107K, capacity 9781K, committed 9856K, reserved 1048576K
}
Event: 81.752 GC heap before
{Heap before GC invocations=74 (full 0):
 garbage-first heap   total 146432K, used 103589K [0x0000000080000000, 0x0000000100000000)
  region size 1024K, 40 young (40960K), 4 survivors (4096K)
 Metaspace       used 76202K, capacity 77891K, committed 78000K, reserved 1116160K
  class space    used 9782K, capacity 10456K, committed 10496K, reserved 1048576K
}
Event: 81.803 GC heap after
{Heap after GC invocations=75 (full 0):
 garbage-first heap   total 146432K, used 69083K [0x0000000080000000, 0x0000000100000000)
  region size 1024K, 5 young (5120K), 5 survivors (5120K)
 Metaspace       used 76202K, capacity 77891K, committed 78000K, reserved 1116160K
  class space    used 9782K, capacity 10456K, committed 10496K, reserved 1048576K
}
Event: 84.898 GC heap before
{Heap before GC invocations=75 (full 0):
 garbage-first heap   total 146432K, used 109019K [0x0000000080000000, 0x0000000100000000)
  region size 1024K, 44 young (45056K), 5 survivors (5120K)
 Metaspace       used 79642K, capacity 81538K, committed 81712K, reserved 1120256K
  class space    used 10288K, capacity 11017K, committed 11136K, reserved 1048576K
}
Event: 84.939 GC heap after
{Heap after GC invocations=76 (full 0):
 garbage-first heap   total 146432K, used 71553K [0x0000000080000000, 0x0000000100000000)
  region size 1024K, 5 young (5120K), 5 survivors (5120K)
 Metaspace       used 79642K, capacity 81538K, committed 81712K, reserved 1120256K
  class space    used 10288K, capacity 11017K, committed 11136K, reserved 1048576K
}

