# JRE version: OpenJDK Runtime Environment (11.0.15) (build 11.0.15+0-b2043.56-9505619)
# Java VM: OpenJDK 64-Bit Server VM (11.0.15+0-b2043.56-9505619, mixed mode, tiered, compressed oops, g1 gc, windows-amd64)
Heap:
 garbage-first heap   total 524288K, used 372733K [0x0000000080000000, 0x0000000100000000)
  region size 1024K, 1 young (1024K), 1 survivors (1024K)
 Metaspace       used 145595K, capacity 150091K, committed 150320K, reserved 1179648K
  class space    used 18638K, capacity 20305K, committed 20352K, reserved 1048576K
GC Heap History (20 events):
Event: 269.879 GC heap after
{Heap after GC invocations=118 (full 0):
 garbage-first heap   total 353280K, used 327353K [0x0000000080000000, 0x0000000100000000)
  region size 1024K, 3 young (3072K), 3 survivors (3072K)
 Metaspace       used 144766K, capacity 149135K, committed 149424K, reserved 1179648K
  class space    used 18538K, capacity 20133K, committed 20224K, reserved 1048576K
}
Event: 271.994 GC heap before
{Heap before GC invocations=118 (full 0):
 garbage-first heap   total 353280K, used 341689K [0x0000000080000000, 0x0000000100000000)
  region size 1024K, 17 young (17408K), 3 survivors (3072K)
 Metaspace       used 144759K, capacity 149115K, committed 149424K, reserved 1179648K
  class space    used 18534K, capacity 20125K, committed 20224K, reserved 1048576K
}
Event: 272.036 GC heap after
{Heap after GC invocations=119 (full 0):
 garbage-first heap   total 353280K, used 335197K [0x0000000080000000, 0x0000000100000000)
  region size 1024K, 3 young (3072K), 3 survivors (3072K)
 Metaspace       used 144759K, capacity 149115K, committed 149424K, reserved 1179648K
  class space    used 18534K, capacity 20125K, committed 20224K, reserved 1048576K
}
Event: 272.745 GC heap before
{Heap before GC invocations=119 (full 0):
 garbage-first heap   total 353280K, used 348509K [0x0000000080000000, 0x0000000100000000)
  region size 1024K, 17 young (17408K), 3 survivors (3072K)
 Metaspace       used 144761K, capacity 149115K, committed 149424K, reserved 1179648K
  class space    used 18534K, capacity 20125K, committed 20224K, reserved 1048576K
}
Event: 272.782 GC heap after
{Heap after GC invocations=120 (full 0):
 garbage-first heap   total 361472K, used 343392K [0x0000000080000000, 0x0000000100000000)
  region size 1024K, 3 young (3072K), 3 survivors (3072K)
 Metaspace       used 144761K, capacity 149115K, committed 149424K, reserved 1179648K
  class space    used 18534K, capacity 20125K, committed 20224K, reserved 1048576K
}
Event: 273.116 GC heap before
{Heap before GC invocations=120 (full 0):
 garbage-first heap   total 361472K, used 357728K [0x0000000080000000, 0x0000000100000000)
  region size 1024K, 17 young (17408K), 3 survivors (3072K)
 Metaspace       used 144763K, capacity 149115K, committed 149424K, reserved 1179648K
  class space    used 18534K, capacity 20125K, committed 20224K, reserved 1048576K
}
Event: 273.206 GC heap after
{Heap after GC invocations=121 (full 0):
 garbage-first heap   total 368640K, used 351232K [0x0000000080000000, 0x0000000100000000)
  region size 1024K, 3 young (3072K), 3 survivors (3072K)
 Metaspace       used 144763K, capacity 149115K, committed 149424K, reserved 1179648K
  class space    used 18534K, capacity 20125K, committed 20224K, reserved 1048576K
}
Event: 274.636 GC heap before
{Heap before GC invocations=122 (full 0):
 garbage-first heap   total 368640K, used 365568K [0x0000000080000000, 0x0000000100000000)
  region size 1024K, 18 young (18432K), 3 survivors (3072K)
 Metaspace       used 144763K, capacity 149115K, committed 149424K, reserved 1179648K
  class space    used 18534K, capacity 20125K, committed 20224K, reserved 1048576K
}
Event: 274.680 GC heap after
{Heap after GC invocations=123 (full 0):
 garbage-first heap   total 457728K, used 359424K [0x0000000080000000, 0x0000000100000000)
  region size 1024K, 3 young (3072K), 3 survivors (3072K)
 Metaspace       used 144763K, capacity 149115K, committed 149424K, reserved 1179648K
  class space    used 18534K, capacity 20125K, committed 20224K, reserved 1048576K
}
Event: 275.067 GC heap before
{Heap before GC invocations=123 (full 0):
 garbage-first heap   total 457728K, used 377856K [0x0000000080000000, 0x0000000100000000)
  region size 1024K, 22 young (22528K), 3 survivors (3072K)
 Metaspace       used 144763K, capacity 149115K, committed 149424K, reserved 1179648K
  class space    used 18534K, capacity 20125K, committed 20224K, reserved 1048576K
}
Event: 275.130 GC heap after
{Heap after GC invocations=124 (full 0):
 garbage-first heap   total 457728K, used 369664K [0x0000000080000000, 0x0000000100000000)
  region size 1024K, 3 young (3072K), 3 survivors (3072K)
 Metaspace       used 144763K, capacity 149115K, committed 149424K, reserved 1179648K
  class space    used 18534K, capacity 20125K, committed 20224K, reserved 1048576K
}
Event: 276.673 GC heap before
{Heap before GC invocations=124 (full 0):
 garbage-first heap   total 457728K, used 389120K [0x0000000080000000, 0x0000000100000000)
  region size 1024K, 22 young (22528K), 3 survivors (3072K)
 Metaspace       used 144984K, capacity 149377K, committed 149680K, reserved 1179648K
  class space    used 18552K, capacity 20164K, committed 20224K, reserved 1048576K
}
Event: 276.709 GC heap after
{Heap after GC invocations=125 (full 0):
 garbage-first heap   total 457728K, used 377735K [0x0000000080000000, 0x0000000100000000)
  region size 1024K, 3 young (3072K), 3 survivors (3072K)
 Metaspace       used 144984K, capacity 149377K, committed 149680K, reserved 1179648K
  class space    used 18552K, capacity 20164K, committed 20224K, reserved 1048576K
}
Event: 277.776 GC heap before
{Heap before GC invocations=125 (full 0):
 garbage-first heap   total 457728K, used 396167K [0x0000000080000000, 0x0000000100000000)
  region size 1024K, 22 young (22528K), 3 survivors (3072K)
 Metaspace       used 145361K, capacity 149866K, committed 150064K, reserved 1179648K
  class space    used 18621K, capacity 20283K, committed 20352K, reserved 1048576K
}
Event: 277.791 GC heap after
{Heap after GC invocations=126 (full 0):
 garbage-first heap   total 457728K, used 379683K [0x0000000080000000, 0x0000000100000000)
  region size 1024K, 2 young (2048K), 2 survivors (2048K)
 Metaspace       used 145361K, capacity 149866K, committed 150064K, reserved 1179648K
  class space    used 18621K, capacity 20283K, committed 20352K, reserved 1048576K
}
Event: 278.579 GC heap before
{Heap before GC invocations=126 (full 0):
 garbage-first heap   total 457728K, used 400163K [0x0000000080000000, 0x0000000100000000)
  region size 1024K, 22 young (22528K), 2 survivors (2048K)
 Metaspace       used 145377K, capacity 149869K, committed 150064K, reserved 1179648K
  class space    used 18621K, capacity 20283K, committed 20352K, reserved 1048576K
}
Event: 278.613 GC heap after
{Heap after GC invocations=127 (full 0):
 garbage-first heap   total 457728K, used 382730K [0x0000000080000000, 0x0000000100000000)
  region size 1024K, 3 young (3072K), 3 survivors (3072K)
 Metaspace       used 145377K, capacity 149869K, committed 150064K, reserved 1179648K
  class space    used 18621K, capacity 20283K, committed 20352K, reserved 1048576K
}
Event: 279.981 GC heap before
{Heap before GC invocations=127 (full 0):
 garbage-first heap   total 457728K, used 402186K [0x0000000080000000, 0x0000000100000000)
  region size 1024K, 22 young (22528K), 3 survivors (3072K)
 Metaspace       used 145490K, capacity 149996K, committed 150064K, reserved 1179648K
  class space    used 18634K, capacity 20300K, committed 20352K, reserved 1048576K
}
Event: 280.030 GC heap after
{Heap after GC invocations=128 (full 0):
 garbage-first heap   total 457728K, used 385024K [0x0000000080000000, 0x0000000100000000)
  region size 1024K, 3 young (3072K), 3 survivors (3072K)
 Metaspace       used 145490K, capacity 149996K, committed 150064K, reserved 1179648K
  class space    used 18634K, capacity 20300K, committed 20352K, reserved 1048576K
}
Event: 281.577 GC heap before
{Heap before GC invocations=128 (full 0):
 garbage-first heap   total 457728K, used 391168K [0x0000000080000000, 0x0000000100000000)
  region size 1024K, 22 young (22528K), 3 survivors (3072K)
 Metaspace       used 145595K, capacity 150091K, committed 150320K, reserved 1179648K
  class space    used 18638K, capacity 20305K, committed 20352K, reserved 1048576K
}

