# JRE version: OpenJDK Runtime Environment (11.0.15) (build 11.0.15+0-b2043.56-9505619)
# Java VM: OpenJDK 64-Bit Server VM (11.0.15+0-b2043.56-9505619, mixed mode, tiered, compressed oops, g1 gc, windows-amd64)
Heap:
 garbage-first heap   total 218112K, used 123832K [0x0000000080000000, 0x0000000100000000)
  region size 1024K, 8 young (8192K), 4 survivors (4096K)
 Metaspace       used 65433K, capacity 67312K, committed 67376K, reserved 1107968K
  class space    used 8328K, capacity 9066K, committed 9088K, reserved 1048576K
GC Heap History (20 events):
Event: 44.437 GC heap before
{Heap before GC invocations=70 (full 0):
 garbage-first heap   total 146432K, used 102345K [0x0000000080000000, 0x0000000100000000)
  region size 1024K, 12 young (12288K), 2 survivors (2048K)
 Metaspace       used 48799K, capacity 50152K, committed 50224K, reserved 1093632K
  class space    used 6197K, capacity 6730K, committed 6784K, reserved 1048576K
}
Event: 44.446 GC heap after
{Heap after GC invocations=71 (full 0):
 garbage-first heap   total 146432K, used 93733K [0x0000000080000000, 0x0000000100000000)
  region size 1024K, 2 young (2048K), 2 survivors (2048K)
 Metaspace       used 48799K, capacity 50152K, committed 50224K, reserved 1093632K
  class space    used 6197K, capacity 6730K, committed 6784K, reserved 1048576K
}
Event: 45.554 GC heap before
{Heap before GC invocations=72 (full 0):
 garbage-first heap   total 146432K, used 118309K [0x0000000080000000, 0x0000000100000000)
  region size 1024K, 21 young (21504K), 2 survivors (2048K)
 Metaspace       used 50131K, capacity 51618K, committed 51760K, reserved 1093632K
  class space    used 6429K, capacity 7007K, committed 7040K, reserved 1048576K
}
Event: 45.565 GC heap after
{Heap after GC invocations=73 (full 0):
 garbage-first heap   total 146432K, used 100300K [0x0000000080000000, 0x0000000100000000)
  region size 1024K, 3 young (3072K), 3 survivors (3072K)
 Metaspace       used 50131K, capacity 51618K, committed 51760K, reserved 1093632K
  class space    used 6429K, capacity 7007K, committed 7040K, reserved 1048576K
}
Event: 46.469 GC heap before
{Heap before GC invocations=73 (full 0):
 garbage-first heap   total 146432K, used 116684K [0x0000000080000000, 0x0000000100000000)
  region size 1024K, 20 young (20480K), 3 survivors (3072K)
 Metaspace       used 51303K, capacity 52890K, committed 53040K, reserved 1095680K
  class space    used 6601K, capacity 7174K, committed 7296K, reserved 1048576K
}
Event: 46.483 GC heap after
{Heap after GC invocations=74 (full 0):
 garbage-first heap   total 146432K, used 101324K [0x0000000080000000, 0x0000000100000000)
  region size 1024K, 3 young (3072K), 3 survivors (3072K)
 Metaspace       used 51303K, capacity 52890K, committed 53040K, reserved 1095680K
  class space    used 6601K, capacity 7174K, committed 7296K, reserved 1048576K
}
Event: 48.120 GC heap before
{Heap before GC invocations=75 (full 0):
 garbage-first heap   total 146432K, used 118732K [0x0000000080000000, 0x0000000100000000)
  region size 1024K, 21 young (21504K), 3 survivors (3072K)
 Metaspace       used 52305K, capacity 53889K, committed 54064K, reserved 1095680K
  class space    used 6703K, capacity 7290K, committed 7296K, reserved 1048576K
}
Event: 48.134 GC heap after
{Heap after GC invocations=76 (full 0):
 garbage-first heap   total 181248K, used 102022K [0x0000000080000000, 0x0000000100000000)
  region size 1024K, 2 young (2048K), 2 survivors (2048K)
 Metaspace       used 52305K, capacity 53889K, committed 54064K, reserved 1095680K
  class space    used 6703K, capacity 7290K, committed 7296K, reserved 1048576K
}
Event: 49.286 GC heap before
{Heap before GC invocations=76 (full 0):
 garbage-first heap   total 181248K, used 119430K [0x0000000080000000, 0x0000000100000000)
  region size 1024K, 21 young (21504K), 2 survivors (2048K)
 Metaspace       used 52753K, capacity 54355K, committed 54448K, reserved 1095680K
  class space    used 6739K, capacity 7332K, committed 7424K, reserved 1048576K
}
Event: 49.299 GC heap after
{Heap after GC invocations=77 (full 0):
 garbage-first heap   total 181248K, used 103165K [0x0000000080000000, 0x0000000100000000)
  region size 1024K, 3 young (3072K), 3 survivors (3072K)
 Metaspace       used 52753K, capacity 54355K, committed 54448K, reserved 1095680K
  class space    used 6739K, capacity 7332K, committed 7424K, reserved 1048576K
}
Event: 49.622 GC heap before
{Heap before GC invocations=78 (full 0):
 garbage-first heap   total 181248K, used 109309K [0x0000000080000000, 0x0000000100000000)
  region size 1024K, 8 young (8192K), 3 survivors (3072K)
 Metaspace       used 52758K, capacity 54355K, committed 54448K, reserved 1095680K
  class space    used 6739K, capacity 7332K, committed 7424K, reserved 1048576K
}
Event: 49.636 GC heap after
{Heap after GC invocations=79 (full 0):
 garbage-first heap   total 181248K, used 109343K [0x0000000080000000, 0x0000000100000000)
  region size 1024K, 5 young (5120K), 5 survivors (5120K)
 Metaspace       used 52758K, capacity 54355K, committed 54448K, reserved 1095680K
  class space    used 6739K, capacity 7332K, committed 7424K, reserved 1048576K
}
Event: 51.317 GC heap before
{Heap before GC invocations=80 (full 0):
 garbage-first heap   total 181248K, used 139039K [0x0000000080000000, 0x0000000100000000)
  region size 1024K, 31 young (31744K), 5 survivors (5120K)
 Metaspace       used 55540K, capacity 57173K, committed 57392K, reserved 1099776K
  class space    used 7198K, capacity 7804K, committed 7808K, reserved 1048576K
}
Event: 51.333 GC heap after
{Heap after GC invocations=81 (full 0):
 garbage-first heap   total 181248K, used 117390K [0x0000000080000000, 0x0000000100000000)
  region size 1024K, 4 young (4096K), 4 survivors (4096K)
 Metaspace       used 55540K, capacity 57173K, committed 57392K, reserved 1099776K
  class space    used 7198K, capacity 7804K, committed 7808K, reserved 1048576K
}
Event: 52.503 GC heap before
{Heap before GC invocations=81 (full 0):
 garbage-first heap   total 181248K, used 140942K [0x0000000080000000, 0x0000000100000000)
  region size 1024K, 27 young (27648K), 4 survivors (4096K)
 Metaspace       used 55887K, capacity 57506K, committed 57776K, reserved 1099776K
  class space    used 7234K, capacity 7851K, committed 7936K, reserved 1048576K
}
Event: 52.528 GC heap after
{Heap after GC invocations=82 (full 0):
 garbage-first heap   total 218112K, used 117749K [0x0000000080000000, 0x0000000100000000)
  region size 1024K, 1 young (1024K), 1 survivors (1024K)
 Metaspace       used 55887K, capacity 57506K, committed 57776K, reserved 1099776K
  class space    used 7234K, capacity 7851K, committed 7936K, reserved 1048576K
}
Event: 55.154 GC heap before
{Heap before GC invocations=83 (full 0):
 garbage-first heap   total 218112K, used 153589K [0x0000000080000000, 0x0000000100000000)
  region size 1024K, 36 young (36864K), 1 survivors (1024K)
 Metaspace       used 59500K, capacity 61177K, committed 61232K, reserved 1101824K
  class space    used 7655K, capacity 8306K, committed 8320K, reserved 1048576K
}
Event: 55.171 GC heap after
{Heap after GC invocations=84 (full 0):
 garbage-first heap   total 218112K, used 119393K [0x0000000080000000, 0x0000000100000000)
  region size 1024K, 3 young (3072K), 3 survivors (3072K)
 Metaspace       used 59500K, capacity 61177K, committed 61232K, reserved 1101824K
  class space    used 7655K, capacity 8306K, committed 8320K, reserved 1048576K
}
Event: 60.560 GC heap before
{Heap before GC invocations=84 (full 0):
 garbage-first heap   total 218112K, used 160353K [0x0000000080000000, 0x0000000100000000)
  region size 1024K, 43 young (44032K), 3 survivors (3072K)
 Metaspace       used 65030K, capacity 66914K, committed 67120K, reserved 1107968K
  class space    used 8260K, capacity 8976K, committed 9088K, reserved 1048576K
}
Event: 60.579 GC heap after
{Heap after GC invocations=85 (full 0):
 garbage-first heap   total 218112K, used 120760K [0x0000000080000000, 0x0000000100000000)
  region size 1024K, 4 young (4096K), 4 survivors (4096K)
 Metaspace       used 65030K, capacity 66914K, committed 67120K, reserved 1107968K
  class space    used 8260K, capacity 8976K, committed 9088K, reserved 1048576K
}

