# JRE version: OpenJDK Runtime Environment (11.0.15) (build 11.0.15+0-b2043.56-9505619)
# Java VM: OpenJDK 64-Bit Server VM (11.0.15+0-b2043.56-9505619, mixed mode, tiered, compressed oops, g1 gc, windows-amd64)
Heap:
 garbage-first heap   total 112640K, used 52969K [0x0000000080000000, 0x0000000100000000)
  region size 1024K, 1 young (1024K), 1 survivors (1024K)
 Metaspace       used 30603K, capacity 31509K, committed 31792K, reserved 1077248K
  class space    used 4057K, capacity 4415K, committed 4480K, reserved 1048576K
GC Heap History (20 events):
Event: 31.285 GC heap after
{Heap after GC invocations=23 (full 0):
 garbage-first heap   total 57344K, used 52134K [0x0000000080000000, 0x0000000100000000)
  region size 1024K, 1 young (1024K), 1 survivors (1024K)
 Metaspace       used 28141K, capacity 29009K, committed 29104K, reserved 1075200K
  class space    used 3699K, capacity 4028K, committed 4096K, reserved 1048576K
}
Event: 31.430 GC heap before
{Heap before GC invocations=24 (full 0):
 garbage-first heap   total 57344K, used 53158K [0x0000000080000000, 0x0000000100000000)
  region size 1024K, 2 young (2048K), 1 survivors (1024K)
 Metaspace       used 28216K, capacity 29049K, committed 29104K, reserved 1075200K
  class space    used 3715K, capacity 4063K, committed 4096K, reserved 1048576K
}
Event: 31.435 GC heap after
{Heap after GC invocations=25 (full 0):
 garbage-first heap   total 57344K, used 52166K [0x0000000080000000, 0x0000000100000000)
  region size 1024K, 1 young (1024K), 1 survivors (1024K)
 Metaspace       used 28216K, capacity 29049K, committed 29104K, reserved 1075200K
  class space    used 3715K, capacity 4063K, committed 4096K, reserved 1048576K
}
Event: 31.578 GC heap before
{Heap before GC invocations=25 (full 0):
 garbage-first heap   total 57344K, used 53190K [0x0000000080000000, 0x0000000100000000)
  region size 1024K, 2 young (2048K), 1 survivors (1024K)
 Metaspace       used 28367K, capacity 29241K, committed 29360K, reserved 1075200K
  class space    used 3724K, capacity 4063K, committed 4096K, reserved 1048576K
}
Event: 31.580 GC heap after
{Heap after GC invocations=26 (full 0):
 garbage-first heap   total 57344K, used 52184K [0x0000000080000000, 0x0000000100000000)
  region size 1024K, 1 young (1024K), 1 survivors (1024K)
 Metaspace       used 28367K, capacity 29241K, committed 29360K, reserved 1075200K
  class space    used 3724K, capacity 4063K, committed 4096K, reserved 1048576K
}
Event: 31.623 GC heap before
{Heap before GC invocations=26 (full 0):
 garbage-first heap   total 57344K, used 53208K [0x0000000080000000, 0x0000000100000000)
  region size 1024K, 2 young (2048K), 1 survivors (1024K)
 Metaspace       used 28444K, capacity 29305K, committed 29360K, reserved 1075200K
  class space    used 3734K, capacity 4063K, committed 4096K, reserved 1048576K
}
Event: 31.625 GC heap after
{Heap after GC invocations=27 (full 0):
 garbage-first heap   total 57344K, used 52186K [0x0000000080000000, 0x0000000100000000)
  region size 1024K, 1 young (1024K), 1 survivors (1024K)
 Metaspace       used 28444K, capacity 29305K, committed 29360K, reserved 1075200K
  class space    used 3734K, capacity 4063K, committed 4096K, reserved 1048576K
}
Event: 31.681 GC heap before
{Heap before GC invocations=28 (full 0):
 garbage-first heap   total 57344K, used 53210K [0x0000000080000000, 0x0000000100000000)
  region size 1024K, 2 young (2048K), 1 survivors (1024K)
 Metaspace       used 28481K, capacity 29369K, committed 29616K, reserved 1075200K
  class space    used 3741K, capacity 4063K, committed 4096K, reserved 1048576K
}
Event: 31.683 GC heap after
{Heap after GC invocations=29 (full 0):
 garbage-first heap   total 57344K, used 52194K [0x0000000080000000, 0x0000000100000000)
  region size 1024K, 1 young (1024K), 1 survivors (1024K)
 Metaspace       used 28481K, capacity 29369K, committed 29616K, reserved 1075200K
  class space    used 3741K, capacity 4063K, committed 4096K, reserved 1048576K
}
Event: 31.759 GC heap before
{Heap before GC invocations=29 (full 0):
 garbage-first heap   total 57344K, used 53218K [0x0000000080000000, 0x0000000100000000)
  region size 1024K, 2 young (2048K), 1 survivors (1024K)
 Metaspace       used 28565K, capacity 29384K, committed 29616K, reserved 1075200K
  class space    used 3759K, capacity 4068K, committed 4096K, reserved 1048576K
}
Event: 31.762 GC heap after
{Heap after GC invocations=30 (full 0):
 garbage-first heap   total 57344K, used 52210K [0x0000000080000000, 0x0000000100000000)
  region size 1024K, 1 young (1024K), 1 survivors (1024K)
 Metaspace       used 28565K, capacity 29384K, committed 29616K, reserved 1075200K
  class space    used 3759K, capacity 4068K, committed 4096K, reserved 1048576K
}
Event: 31.831 GC heap before
{Heap before GC invocations=30 (full 0):
 garbage-first heap   total 57344K, used 53234K [0x0000000080000000, 0x0000000100000000)
  region size 1024K, 2 young (2048K), 1 survivors (1024K)
 Metaspace       used 28767K, capacity 29640K, committed 29872K, reserved 1075200K
  class space    used 3759K, capacity 4068K, committed 4096K, reserved 1048576K
}
Event: 31.837 GC heap after
{Heap after GC invocations=31 (full 0):
 garbage-first heap   total 69632K, used 52590K [0x0000000080000000, 0x0000000100000000)
  region size 1024K, 1 young (1024K), 1 survivors (1024K)
 Metaspace       used 28767K, capacity 29640K, committed 29872K, reserved 1075200K
  class space    used 3759K, capacity 4068K, committed 4096K, reserved 1048576K
}
Event: 32.026 GC heap before
{Heap before GC invocations=32 (full 0):
 garbage-first heap   total 69632K, used 57710K [0x0000000080000000, 0x0000000100000000)
  region size 1024K, 6 young (6144K), 1 survivors (1024K)
 Metaspace       used 29108K, capacity 29899K, committed 30000K, reserved 1075200K
  class space    used 3819K, capacity 4133K, committed 4224K, reserved 1048576K
}
Event: 32.034 GC heap after
{Heap after GC invocations=33 (full 0):
 garbage-first heap   total 69632K, used 52340K [0x0000000080000000, 0x0000000100000000)
  region size 1024K, 1 young (1024K), 1 survivors (1024K)
 Metaspace       used 29108K, capacity 29899K, committed 30000K, reserved 1075200K
  class space    used 3819K, capacity 4133K, committed 4224K, reserved 1048576K
}
Event: 32.223 GC heap before
{Heap before GC invocations=33 (full 0):
 garbage-first heap   total 69632K, used 57460K [0x0000000080000000, 0x0000000100000000)
  region size 1024K, 6 young (6144K), 1 survivors (1024K)
 Metaspace       used 29364K, capacity 30193K, committed 30256K, reserved 1075200K
  class space    used 3861K, capacity 4167K, committed 4224K, reserved 1048576K
}
Event: 32.227 GC heap after
{Heap after GC invocations=34 (full 0):
 garbage-first heap   total 69632K, used 52427K [0x0000000080000000, 0x0000000100000000)
  region size 1024K, 1 young (1024K), 1 survivors (1024K)
 Metaspace       used 29364K, capacity 30193K, committed 30256K, reserved 1075200K
  class space    used 3861K, capacity 4167K, committed 4224K, reserved 1048576K
}
Event: 32.501 GC heap before
{Heap before GC invocations=35 (full 0):
 garbage-first heap   total 69632K, used 58571K [0x0000000080000000, 0x0000000100000000)
  region size 1024K, 7 young (7168K), 1 survivors (1024K)
 Metaspace       used 29858K, capacity 30726K, committed 30896K, reserved 1075200K
  class space    used 3946K, capacity 4282K, committed 4352K, reserved 1048576K
}
Event: 32.505 GC heap after
{Heap after GC invocations=36 (full 0):
 garbage-first heap   total 69632K, used 52601K [0x0000000080000000, 0x0000000100000000)
  region size 1024K, 1 young (1024K), 1 survivors (1024K)
 Metaspace       used 29858K, capacity 30726K, committed 30896K, reserved 1075200K
  class space    used 3946K, capacity 4282K, committed 4352K, reserved 1048576K
}
Event: 32.826 GC heap before
{Heap before GC invocations=36 (full 0):
 garbage-first heap   total 69632K, used 57721K [0x0000000080000000, 0x0000000100000000)
  region size 1024K, 7 young (7168K), 1 survivors (1024K)
 Metaspace       used 30603K, capacity 31509K, committed 31792K, reserved 1077248K
  class space    used 4057K, capacity 4415K, committed 4480K, reserved 1048576K
}

