# JRE version: OpenJDK Runtime Environment (11.0.15) (build 11.0.15+0-b2043.56-9505619)
# Java VM: OpenJDK 64-Bit Server VM (11.0.15+0-b2043.56-9505619, mixed mode, tiered, compressed oops, g1 gc, windows-amd64)
Heap:
 garbage-first heap   total 440320K, used 259602K [0x0000000080000000, 0x0000000100000000)
  region size 1024K, 2 young (2048K), 2 survivors (2048K)
 Metaspace       used 123617K, capacity 127643K, committed 127868K, reserved 1161216K
  class space    used 15471K, capacity 16833K, committed 16844K, reserved 1048576K
GC Heap History (20 events):
Event: 231.115 GC heap after
{Heap after GC invocations=110 (full 0):
 garbage-first heap   total 283648K, used 216973K [0x0000000080000000, 0x0000000100000000)
  region size 1024K, 3 young (3072K), 3 survivors (3072K)
 Metaspace       used 117577K, capacity 121236K, committed 121340K, reserved 1155072K
  class space    used 14603K, capacity 15882K, committed 15948K, reserved 1048576K
}
Event: 232.531 GC heap before
{Heap before GC invocations=111 (full 0):
 garbage-first heap   total 283648K, used 244621K [0x0000000080000000, 0x0000000100000000)
  region size 1024K, 31 young (31744K), 3 survivors (3072K)
 Metaspace       used 117645K, capacity 121288K, committed 121596K, reserved 1155072K
  class space    used 14612K, capacity 15891K, committed 15948K, reserved 1048576K
}
Event: 232.548 GC heap after
{Heap after GC invocations=112 (full 0):
 garbage-first heap   total 283648K, used 219030K [0x0000000080000000, 0x0000000100000000)
  region size 1024K, 4 young (4096K), 4 survivors (4096K)
 Metaspace       used 117645K, capacity 121288K, committed 121596K, reserved 1155072K
  class space    used 14612K, capacity 15891K, committed 15948K, reserved 1048576K
}
Event: 232.908 GC heap before
{Heap before GC invocations=112 (full 0):
 garbage-first heap   total 283648K, used 227222K [0x0000000080000000, 0x0000000100000000)
  region size 1024K, 13 young (13312K), 4 survivors (4096K)
 Metaspace       used 117683K, capacity 121422K, committed 121596K, reserved 1155072K
  class space    used 14614K, capacity 15893K, committed 15948K, reserved 1048576K
}
Event: 233.027 GC heap after
{Heap after GC invocations=113 (full 0):
 garbage-first heap   total 283648K, used 219750K [0x0000000080000000, 0x0000000100000000)
  region size 1024K, 2 young (2048K), 2 survivors (2048K)
 Metaspace       used 117683K, capacity 121422K, committed 121596K, reserved 1155072K
  class space    used 14614K, capacity 15893K, committed 15948K, reserved 1048576K
}
Event: 235.352 GC heap before
{Heap before GC invocations=113 (full 0):
 garbage-first heap   total 283648K, used 244326K [0x0000000080000000, 0x0000000100000000)
  region size 1024K, 27 young (27648K), 2 survivors (2048K)
 Metaspace       used 118413K, capacity 122131K, committed 122236K, reserved 1155072K
  class space    used 14725K, capacity 16019K, committed 16076K, reserved 1048576K
}
Event: 235.378 GC heap after
{Heap after GC invocations=114 (full 0):
 garbage-first heap   total 283648K, used 220230K [0x0000000080000000, 0x0000000100000000)
  region size 1024K, 2 young (2048K), 2 survivors (2048K)
 Metaspace       used 118413K, capacity 122131K, committed 122236K, reserved 1155072K
  class space    used 14725K, capacity 16019K, committed 16076K, reserved 1048576K
}
Event: 236.701 GC heap before
{Heap before GC invocations=115 (full 0):
 garbage-first heap   total 283648K, used 245830K [0x0000000080000000, 0x0000000100000000)
  region size 1024K, 28 young (28672K), 2 survivors (2048K)
 Metaspace       used 119285K, capacity 122986K, committed 123132K, reserved 1157120K
  class space    used 14841K, capacity 16114K, committed 16204K, reserved 1048576K
}
Event: 236.717 GC heap after
{Heap after GC invocations=116 (full 0):
 garbage-first heap   total 283648K, used 221687K [0x0000000080000000, 0x0000000100000000)
  region size 1024K, 4 young (4096K), 4 survivors (4096K)
 Metaspace       used 119285K, capacity 122986K, committed 123132K, reserved 1157120K
  class space    used 14841K, capacity 16114K, committed 16204K, reserved 1048576K
}
Event: 237.061 GC heap before
{Heap before GC invocations=116 (full 0):
 garbage-first heap   total 283648K, used 229879K [0x0000000080000000, 0x0000000100000000)
  region size 1024K, 13 young (13312K), 4 survivors (4096K)
 Metaspace       used 119530K, capacity 123234K, committed 123388K, reserved 1157120K
  class space    used 14877K, capacity 16154K, committed 16204K, reserved 1048576K
}
Event: 237.156 GC heap after
{Heap after GC invocations=117 (full 0):
 garbage-first heap   total 283648K, used 221550K [0x0000000080000000, 0x0000000100000000)
  region size 1024K, 1 young (1024K), 1 survivors (1024K)
 Metaspace       used 119530K, capacity 123234K, committed 123388K, reserved 1157120K
  class space    used 14877K, capacity 16154K, committed 16204K, reserved 1048576K
}
Event: 238.261 GC heap before
{Heap before GC invocations=117 (full 0):
 garbage-first heap   total 283648K, used 246126K [0x0000000080000000, 0x0000000100000000)
  region size 1024K, 26 young (26624K), 1 survivors (1024K)
 Metaspace       used 120084K, capacity 124024K, committed 124284K, reserved 1157120K
  class space    used 14969K, capacity 16301K, committed 16332K, reserved 1048576K
}
Event: 238.275 GC heap after
{Heap after GC invocations=118 (full 0):
 garbage-first heap   total 283648K, used 222824K [0x0000000080000000, 0x0000000100000000)
  region size 1024K, 2 young (2048K), 2 survivors (2048K)
 Metaspace       used 120084K, capacity 124024K, committed 124284K, reserved 1157120K
  class space    used 14969K, capacity 16301K, committed 16332K, reserved 1048576K
}
Event: 240.322 GC heap before
{Heap before GC invocations=119 (full 0):
 garbage-first heap   total 283648K, used 247400K [0x0000000080000000, 0x0000000100000000)
  region size 1024K, 27 young (27648K), 2 survivors (2048K)
 Metaspace       used 120546K, capacity 124545K, committed 124668K, reserved 1157120K
  class space    used 15040K, capacity 16396K, committed 16460K, reserved 1048576K
}
Event: 240.335 GC heap after
{Heap after GC invocations=120 (full 0):
 garbage-first heap   total 283648K, used 224209K [0x0000000080000000, 0x0000000100000000)
  region size 1024K, 4 young (4096K), 4 survivors (4096K)
 Metaspace       used 120546K, capacity 124545K, committed 124668K, reserved 1157120K
  class space    used 15040K, capacity 16396K, committed 16460K, reserved 1048576K
}
Event: 241.141 GC heap before
{Heap before GC invocations=120 (full 0):
 garbage-first heap   total 283648K, used 236497K [0x0000000080000000, 0x0000000100000000)
  region size 1024K, 18 young (18432K), 4 survivors (4096K)
 Metaspace       used 120721K, capacity 124669K, committed 124924K, reserved 1157120K
  class space    used 15064K, capacity 16414K, committed 16460K, reserved 1048576K
}
Event: 241.230 GC heap after
{Heap after GC invocations=121 (full 0):
 garbage-first heap   total 283648K, used 225744K [0x0000000080000000, 0x0000000100000000)
  region size 1024K, 3 young (3072K), 3 survivors (3072K)
 Metaspace       used 120721K, capacity 124669K, committed 124924K, reserved 1157120K
  class space    used 15064K, capacity 16414K, committed 16460K, reserved 1048576K
}
Event: 243.990 GC heap before
{Heap before GC invocations=122 (full 0):
 garbage-first heap   total 283648K, used 255440K [0x0000000080000000, 0x0000000100000000)
  region size 1024K, 21 young (21504K), 3 survivors (3072K)
 Metaspace       used 123612K, capacity 127643K, committed 127868K, reserved 1161216K
  class space    used 15471K, capacity 16833K, committed 16844K, reserved 1048576K
}
Event: 244.036 GC heap after
{Heap after GC invocations=123 (full 0):
 garbage-first heap   total 283648K, used 246021K [0x0000000080000000, 0x0000000100000000)
  region size 1024K, 4 young (4096K), 4 survivors (4096K)
 Metaspace       used 123612K, capacity 127643K, committed 127868K, reserved 1161216K
  class space    used 15471K, capacity 16833K, committed 16844K, reserved 1048576K
}
Event: 244.280 GC heap before
{Heap before GC invocations=123 (full 0):
 garbage-first heap   total 283648K, used 279813K [0x0000000080000000, 0x0000000100000000)
  region size 1024K, 13 young (13312K), 4 survivors (4096K)
 Metaspace       used 123617K, capacity 127643K, committed 127868K, reserved 1161216K
  class space    used 15471K, capacity 16833K, committed 16844K, reserved 1048576K
}

