# JRE version: OpenJDK Runtime Environment (11.0.15) (build 11.0.15+0-b2043.56-9505619)
# Java VM: OpenJDK 64-Bit Server VM (11.0.15+0-b2043.56-9505619, mixed mode, tiered, compressed oops, g1 gc, windows-amd64)
Heap:
 garbage-first heap   total 209920K, used 207022K [0x0000000080000000, 0x0000000100000000)
  region size 1024K, 10 young (10240K), 1 survivors (1024K)
 Metaspace       used 117191K, capacity 120514K, committed 120624K, reserved 1155072K
  class space    used 14773K, capacity 15941K, committed 16000K, reserved 1048576K
GC Heap History (20 events):
Event: 127.684 GC heap after
{Heap after GC invocations=134 (full 0):
 garbage-first heap   total 199680K, used 189515K [0x0000000080000000, 0x0000000100000000)
  region size 1024K, 2 young (2048K), 2 survivors (2048K)
 Metaspace       used 112347K, capacity 115389K, committed 115632K, reserved 1148928K
  class space    used 14214K, capacity 15275K, committed 15360K, reserved 1048576K
}
Event: 128.235 GC heap before
{Heap before GC invocations=135 (full 0):
 garbage-first heap   total 199680K, used 196683K [0x0000000080000000, 0x0000000100000000)
  region size 1024K, 9 young (9216K), 2 survivors (2048K)
 Metaspace       used 112781K, capacity 115876K, committed 116016K, reserved 1150976K
  class space    used 14280K, capacity 15368K, committed 15488K, reserved 1048576K
}
Event: 128.245 GC heap after
{Heap after GC invocations=136 (full 0):
 garbage-first heap   total 200704K, used 190342K [0x0000000080000000, 0x0000000100000000)
  region size 1024K, 2 young (2048K), 2 survivors (2048K)
 Metaspace       used 112781K, capacity 115876K, committed 116016K, reserved 1150976K
  class space    used 14280K, capacity 15368K, committed 15488K, reserved 1048576K
}
Event: 128.648 GC heap before
{Heap before GC invocations=136 (full 0):
 garbage-first heap   total 200704K, used 197510K [0x0000000080000000, 0x0000000100000000)
  region size 1024K, 9 young (9216K), 2 survivors (2048K)
 Metaspace       used 113345K, capacity 116456K, committed 116528K, reserved 1150976K
  class space    used 14346K, capacity 15450K, committed 15488K, reserved 1048576K
}
Event: 128.658 GC heap after
{Heap after GC invocations=137 (full 0):
 garbage-first heap   total 201728K, used 190851K [0x0000000080000000, 0x0000000100000000)
  region size 1024K, 2 young (2048K), 2 survivors (2048K)
 Metaspace       used 113345K, capacity 116456K, committed 116528K, reserved 1150976K
  class space    used 14346K, capacity 15450K, committed 15488K, reserved 1048576K
}
Event: 129.558 GC heap before
{Heap before GC invocations=138 (full 0):
 garbage-first heap   total 201728K, used 196995K [0x0000000080000000, 0x0000000100000000)
  region size 1024K, 9 young (9216K), 2 survivors (2048K)
 Metaspace       used 113798K, capacity 116968K, committed 117168K, reserved 1150976K
  class space    used 14423K, capacity 15552K, committed 15616K, reserved 1048576K
}
Event: 129.569 GC heap after
{Heap after GC invocations=139 (full 0):
 garbage-first heap   total 201728K, used 191875K [0x0000000080000000, 0x0000000100000000)
  region size 1024K, 2 young (2048K), 2 survivors (2048K)
 Metaspace       used 113798K, capacity 116968K, committed 117168K, reserved 1150976K
  class space    used 14423K, capacity 15552K, committed 15616K, reserved 1048576K
}
Event: 130.171 GC heap before
{Heap before GC invocations=139 (full 0):
 garbage-first heap   total 201728K, used 199043K [0x0000000080000000, 0x0000000100000000)
  region size 1024K, 9 young (9216K), 2 survivors (2048K)
 Metaspace       used 114636K, capacity 117811K, committed 118064K, reserved 1150976K
  class space    used 14542K, capacity 15705K, committed 15744K, reserved 1048576K
}
Event: 130.181 GC heap after
{Heap after GC invocations=140 (full 0):
 garbage-first heap   total 202752K, used 192270K [0x0000000080000000, 0x0000000100000000)
  region size 1024K, 1 young (1024K), 1 survivors (1024K)
 Metaspace       used 114636K, capacity 117811K, committed 118064K, reserved 1150976K
  class space    used 14542K, capacity 15705K, committed 15744K, reserved 1048576K
}
Event: 130.994 GC heap before
{Heap before GC invocations=141 (full 0):
 garbage-first heap   total 202752K, used 200462K [0x0000000080000000, 0x0000000100000000)
  region size 1024K, 9 young (9216K), 1 survivors (1024K)
 Metaspace       used 115778K, capacity 118931K, committed 119216K, reserved 1153024K
  class space    used 14640K, capacity 15801K, committed 15872K, reserved 1048576K
}
Event: 131.000 GC heap after
{Heap after GC invocations=142 (full 0):
 garbage-first heap   total 202752K, used 192603K [0x0000000080000000, 0x0000000100000000)
  region size 1024K, 1 young (1024K), 1 survivors (1024K)
 Metaspace       used 115778K, capacity 118931K, committed 119216K, reserved 1153024K
  class space    used 14640K, capacity 15801K, committed 15872K, reserved 1048576K
}
Event: 131.775 GC heap before
{Heap before GC invocations=142 (full 0):
 garbage-first heap   total 202752K, used 199771K [0x0000000080000000, 0x0000000100000000)
  region size 1024K, 9 young (9216K), 1 survivors (1024K)
 Metaspace       used 116562K, capacity 119709K, committed 119856K, reserved 1153024K
  class space    used 14746K, capacity 15886K, committed 16000K, reserved 1048576K
}
Event: 131.805 GC heap after
{Heap after GC invocations=143 (full 0):
 garbage-first heap   total 203776K, used 193555K [0x0000000080000000, 0x0000000100000000)
  region size 1024K, 2 young (2048K), 2 survivors (2048K)
 Metaspace       used 116562K, capacity 119709K, committed 119856K, reserved 1153024K
  class space    used 14746K, capacity 15886K, committed 16000K, reserved 1048576K
}
Event: 133.431 GC heap before
{Heap before GC invocations=144 (full 0):
 garbage-first heap   total 203776K, used 200723K [0x0000000080000000, 0x0000000100000000)
  region size 1024K, 9 young (9216K), 2 survivors (2048K)
 Metaspace       used 116712K, capacity 119932K, committed 120112K, reserved 1153024K
  class space    used 14753K, capacity 15891K, committed 16000K, reserved 1048576K
}
Event: 133.465 GC heap after
{Heap after GC invocations=145 (full 0):
 garbage-first heap   total 204800K, used 195012K [0x0000000080000000, 0x0000000100000000)
  region size 1024K, 2 young (2048K), 2 survivors (2048K)
 Metaspace       used 116712K, capacity 119932K, committed 120112K, reserved 1153024K
  class space    used 14753K, capacity 15891K, committed 16000K, reserved 1048576K
}
Event: 134.352 GC heap before
{Heap before GC invocations=145 (full 0):
 garbage-first heap   total 204800K, used 203204K [0x0000000080000000, 0x0000000100000000)
  region size 1024K, 10 young (10240K), 2 survivors (2048K)
 Metaspace       used 116947K, capacity 120253K, committed 120368K, reserved 1153024K
  class space    used 14760K, capacity 15927K, committed 16000K, reserved 1048576K
}
Event: 134.368 GC heap after
{Heap after GC invocations=146 (full 0):
 garbage-first heap   total 207872K, used 196912K [0x0000000080000000, 0x0000000100000000)
  region size 1024K, 2 young (2048K), 2 survivors (2048K)
 Metaspace       used 116947K, capacity 120253K, committed 120368K, reserved 1153024K
  class space    used 14760K, capacity 15927K, committed 16000K, reserved 1048576K
}
Event: 135.350 GC heap before
{Heap before GC invocations=147 (full 0):
 garbage-first heap   total 207872K, used 204080K [0x0000000080000000, 0x0000000100000000)
  region size 1024K, 10 young (10240K), 2 survivors (2048K)
 Metaspace       used 117106K, capacity 120439K, committed 120624K, reserved 1155072K
  class space    used 14773K, capacity 15941K, committed 16000K, reserved 1048576K
}
Event: 135.369 GC heap after
{Heap after GC invocations=148 (full 0):
 garbage-first heap   total 208896K, used 197806K [0x0000000080000000, 0x0000000100000000)
  region size 1024K, 1 young (1024K), 1 survivors (1024K)
 Metaspace       used 117106K, capacity 120439K, committed 120624K, reserved 1155072K
  class space    used 14773K, capacity 15941K, committed 16000K, reserved 1048576K
}
Event: 136.676 GC heap before
{Heap before GC invocations=148 (full 0):
 garbage-first heap   total 208896K, used 205998K [0x0000000080000000, 0x0000000100000000)
  region size 1024K, 10 young (10240K), 1 survivors (1024K)
 Metaspace       used 117191K, capacity 120514K, committed 120624K, reserved 1155072K
  class space    used 14773K, capacity 15941K, committed 16000K, reserved 1048576K
}

