# JRE version: OpenJDK Runtime Environment (11.0.15) (build 11.0.15+0-b2043.56-9505619)
# Java VM: OpenJDK 64-Bit Server VM (11.0.15+0-b2043.56-9505619, mixed mode, tiered, compressed oops, g1 gc, windows-amd64)
Heap:
 garbage-first heap   total 570368K, used 283257K [0x0000000080000000, 0x0000000100000000)
  region size 1024K, 3 young (3072K), 3 survivors (3072K)
 Metaspace       used 167776K, capacity 172783K, committed 173744K, reserved 1200128K
  class space    used 20336K, capacity 22135K, committed 22528K, reserved 1048576K
GC Heap History (20 events):
Event: 13177.161 GC heap after
{Heap after GC invocations=354 (full 0):
 garbage-first heap   total 350208K, used 257862K [0x0000000080000000, 0x0000000100000000)
  region size 1024K, 7 young (7168K), 7 survivors (7168K)
 Metaspace       used 167060K, capacity 172058K, committed 173232K, reserved 1200128K
  class space    used 20251K, capacity 22044K, committed 22528K, reserved 1048576K
}
Event: 13177.258 GC heap before
{Heap before GC invocations=354 (full 0):
 garbage-first heap   total 350208K, used 268102K [0x0000000080000000, 0x0000000100000000)
  region size 1024K, 17 young (17408K), 7 survivors (7168K)
 Metaspace       used 167073K, capacity 172063K, committed 173232K, reserved 1200128K
  class space    used 20251K, capacity 22044K, committed 22528K, reserved 1048576K
}
Event: 13177.307 GC heap after
{Heap after GC invocations=355 (full 0):
 garbage-first heap   total 350208K, used 256246K [0x0000000080000000, 0x0000000100000000)
  region size 1024K, 2 young (2048K), 2 survivors (2048K)
 Metaspace       used 167073K, capacity 172063K, committed 173232K, reserved 1200128K
  class space    used 20251K, capacity 22044K, committed 22528K, reserved 1048576K
}
Event: 13177.929 GC heap before
{Heap before GC invocations=355 (full 0):
 garbage-first heap   total 350208K, used 297206K [0x0000000080000000, 0x0000000100000000)
  region size 1024K, 42 young (43008K), 2 survivors (2048K)
 Metaspace       used 167206K, capacity 172168K, committed 173232K, reserved 1200128K
  class space    used 20275K, capacity 22077K, committed 22528K, reserved 1048576K
}
Event: 13177.958 GC heap after
{Heap after GC invocations=356 (full 0):
 garbage-first heap   total 350208K, used 261997K [0x0000000080000000, 0x0000000100000000)
  region size 1024K, 6 young (6144K), 6 survivors (6144K)
 Metaspace       used 167206K, capacity 172168K, committed 173232K, reserved 1200128K
  class space    used 20275K, capacity 22077K, committed 22528K, reserved 1048576K
}
Event: 13179.198 GC heap before
{Heap before GC invocations=357 (full 0):
 garbage-first heap   total 350208K, used 298861K [0x0000000080000000, 0x0000000100000000)
  region size 1024K, 43 young (44032K), 6 survivors (6144K)
 Metaspace       used 167360K, capacity 172323K, committed 173488K, reserved 1200128K
  class space    used 20297K, capacity 22083K, committed 22528K, reserved 1048576K
}
Event: 13179.234 GC heap after
{Heap after GC invocations=358 (full 0):
 garbage-first heap   total 350208K, used 267196K [0x0000000080000000, 0x0000000100000000)
  region size 1024K, 5 young (5120K), 5 survivors (5120K)
 Metaspace       used 167360K, capacity 172323K, committed 173488K, reserved 1200128K
  class space    used 20297K, capacity 22083K, committed 22528K, reserved 1048576K
}
Event: 13179.361 GC heap before
{Heap before GC invocations=358 (full 0):
 garbage-first heap   total 350208K, used 279484K [0x0000000080000000, 0x0000000100000000)
  region size 1024K, 17 young (17408K), 5 survivors (5120K)
 Metaspace       used 167373K, capacity 172388K, committed 173488K, reserved 1200128K
  class space    used 20297K, capacity 22083K, committed 22528K, reserved 1048576K
}
Event: 13179.438 GC heap after
{Heap after GC invocations=359 (full 0):
 garbage-first heap   total 350208K, used 262835K [0x0000000080000000, 0x0000000100000000)
  region size 1024K, 3 young (3072K), 3 survivors (3072K)
 Metaspace       used 167373K, capacity 172388K, committed 173488K, reserved 1200128K
  class space    used 20297K, capacity 22083K, committed 22528K, reserved 1048576K
}
Event: 13179.913 GC heap before
{Heap before GC invocations=359 (full 0):
 garbage-first heap   total 350208K, used 299699K [0x0000000080000000, 0x0000000100000000)
  region size 1024K, 39 young (39936K), 3 survivors (3072K)
 Metaspace       used 167503K, capacity 172572K, committed 173744K, reserved 1200128K
  class space    used 20308K, capacity 22117K, committed 22528K, reserved 1048576K
}
Event: 13179.939 GC heap after
{Heap after GC invocations=360 (full 0):
 garbage-first heap   total 350208K, used 266704K [0x0000000080000000, 0x0000000100000000)
  region size 1024K, 5 young (5120K), 5 survivors (5120K)
 Metaspace       used 167503K, capacity 172572K, committed 173744K, reserved 1200128K
  class space    used 20308K, capacity 22117K, committed 22528K, reserved 1048576K
}
Event: 13180.770 GC heap before
{Heap before GC invocations=360 (full 0):
 garbage-first heap   total 350208K, used 300496K [0x0000000080000000, 0x0000000100000000)
  region size 1024K, 39 young (39936K), 5 survivors (5120K)
 Metaspace       used 167582K, capacity 172595K, committed 173744K, reserved 1200128K
  class space    used 20316K, capacity 22121K, committed 22528K, reserved 1048576K
}
Event: 13180.805 GC heap after
{Heap after GC invocations=361 (full 0):
 garbage-first heap   total 420864K, used 271004K [0x0000000080000000, 0x0000000100000000)
  region size 1024K, 5 young (5120K), 5 survivors (5120K)
 Metaspace       used 167582K, capacity 172595K, committed 173744K, reserved 1200128K
  class space    used 20316K, capacity 22121K, committed 22528K, reserved 1048576K
}
Event: 13181.751 GC heap before
{Heap before GC invocations=362 (full 0):
 garbage-first heap   total 420864K, used 331420K [0x0000000080000000, 0x0000000100000000)
  region size 1024K, 64 young (65536K), 5 survivors (5120K)
 Metaspace       used 167673K, capacity 172682K, committed 173744K, reserved 1200128K
  class space    used 20331K, capacity 22125K, committed 22528K, reserved 1048576K
}
Event: 13181.789 GC heap after
{Heap after GC invocations=363 (full 0):
 garbage-first heap   total 420864K, used 277067K [0x0000000080000000, 0x0000000100000000)
  region size 1024K, 8 young (8192K), 8 survivors (8192K)
 Metaspace       used 167673K, capacity 172682K, committed 173744K, reserved 1200128K
  class space    used 20331K, capacity 22125K, committed 22528K, reserved 1048576K
}
Event: 13181.874 GC heap before
{Heap before GC invocations=363 (full 0):
 garbage-first heap   total 420864K, used 288331K [0x0000000080000000, 0x0000000100000000)
  region size 1024K, 20 young (20480K), 8 survivors (8192K)
 Metaspace       used 167677K, capacity 172683K, committed 173744K, reserved 1200128K
  class space    used 20331K, capacity 22125K, committed 22528K, reserved 1048576K
}
Event: 13181.957 GC heap after
{Heap after GC invocations=364 (full 0):
 garbage-first heap   total 420864K, used 276574K [0x0000000080000000, 0x0000000100000000)
  region size 1024K, 3 young (3072K), 3 survivors (3072K)
 Metaspace       used 167677K, capacity 172683K, committed 173744K, reserved 1200128K
  class space    used 20331K, capacity 22125K, committed 22528K, reserved 1048576K
}
Event: 13182.701 GC heap before
{Heap before GC invocations=364 (full 0):
 garbage-first heap   total 420864K, used 336990K [0x0000000080000000, 0x0000000100000000)
  region size 1024K, 62 young (63488K), 3 survivors (3072K)
 Metaspace       used 167710K, capacity 172755K, committed 173744K, reserved 1200128K
  class space    used 20332K, capacity 22128K, committed 22528K, reserved 1048576K
}
Event: 13182.762 GC heap after
{Heap after GC invocations=365 (full 0):
 garbage-first heap   total 420864K, used 280910K [0x0000000080000000, 0x0000000100000000)
  region size 1024K, 7 young (7168K), 7 survivors (7168K)
 Metaspace       used 167710K, capacity 172755K, committed 173744K, reserved 1200128K
  class space    used 20332K, capacity 22128K, committed 22528K, reserved 1048576K
}
Event: 13184.881 GC heap before
{Heap before GC invocations=366 (full 0):
 garbage-first heap   total 420864K, used 342350K [0x0000000080000000, 0x0000000100000000)
  region size 1024K, 67 young (68608K), 7 survivors (7168K)
 Metaspace       used 167776K, capacity 172783K, committed 173744K, reserved 1200128K
  class space    used 20336K, capacity 22135K, committed 22528K, reserved 1048576K
}

